mode: set
github.com/kooshapari/tracertm-backend/internal/handlers/agent_handler.go:37.17,49.2 1 0
github.com/kooshapari/tracertm-backend/internal/handlers/agent_handler.go:59.17,69.2 1 0
github.com/kooshapari/tracertm-backend/internal/handlers/agent_handler.go:71.58,78.47 2 1
github.com/kooshapari/tracertm-backend/internal/handlers/agent_handler.go:78.47,80.3 1 1
github.com/kooshapari/tracertm-backend/internal/handlers/agent_handler.go:82.2,83.16 2 1
github.com/kooshapari/tracertm-backend/internal/handlers/agent_handler.go:83.16,85.3 1 1
github.com/kooshapari/tracertm-backend/internal/handlers/agent_handler.go:87.2,88.25 2 0
github.com/kooshapari/tracertm-backend/internal/handlers/agent_handler.go:88.25,90.3 1 0
github.com/kooshapari/tracertm-backend/internal/handlers/agent_handler.go:92.2,98.16 2 0
github.com/kooshapari/tracertm-backend/internal/handlers/agent_handler.go:98.16,100.3 1 0
github.com/kooshapari/tracertm-backend/internal/handlers/agent_handler.go:103.2,106.24 2 0
github.com/kooshapari/tracertm-backend/internal/handlers/agent_handler.go:106.24,108.3 1 0
github.com/kooshapari/tracertm-backend/internal/handlers/agent_handler.go:111.2,111.34 1 0
github.com/kooshapari/tracertm-backend/internal/handlers/agent_handler.go:111.34,113.3 1 0
github.com/kooshapari/tracertm-backend/internal/handlers/agent_handler.go:115.2,115.42 1 0
github.com/kooshapari/tracertm-backend/internal/handlers/agent_handler.go:118.57,120.24 2 1
github.com/kooshapari/tracertm-backend/internal/handlers/agent_handler.go:120.24,122.3 1 1
github.com/kooshapari/tracertm-backend/internal/handlers/agent_handler.go:124.2,125.16 2 0
github.com/kooshapari/tracertm-backend/internal/handlers/agent_handler.go:125.16,127.3 1 0
github.com/kooshapari/tracertm-backend/internal/handlers/agent_handler.go:129.2,130.16 2 0
github.com/kooshapari/tracertm-backend/internal/handlers/agent_handler.go:130.16,132.3 1 0
github.com/kooshapari/tracertm-backend/internal/handlers/agent_handler.go:133.2,133.38 1 0
github.com/kooshapari/tracertm-backend/internal/handlers/agent_handler.go:136.55,139.16 3 1
github.com/kooshapari/tracertm-backend/internal/handlers/agent_handler.go:139.16,141.3 1 1
github.com/kooshapari/tracertm-backend/internal/handlers/agent_handler.go:143.2,144.16 2 0
github.com/kooshapari/tracertm-backend/internal/handlers/agent_handler.go:144.16,146.3 1 0
github.com/kooshapari/tracertm-backend/internal/handlers/agent_handler.go:147.2,147.37 1 0
github.com/kooshapari/tracertm-backend/internal/handlers/agent_handler.go:150.58,153.16 3 1
github.com/kooshapari/tracertm-backend/internal/handlers/agent_handler.go:153.16,155.3 1 1
github.com/kooshapari/tracertm-backend/internal/handlers/agent_handler.go:157.2,162.37 2 1
github.com/kooshapari/tracertm-backend/internal/handlers/agent_handler.go:162.37,164.3 1 1
github.com/kooshapari/tracertm-backend/internal/handlers/agent_handler.go:166.2,167.25 2 0
github.com/kooshapari/tracertm-backend/internal/handlers/agent_handler.go:167.25,169.3 1 0
github.com/kooshapari/tracertm-backend/internal/handlers/agent_handler.go:171.2,177.16 2 0
github.com/kooshapari/tracertm-backend/internal/handlers/agent_handler.go:177.16,179.3 1 0
github.com/kooshapari/tracertm-backend/internal/handlers/agent_handler.go:181.2,181.37 1 0
github.com/kooshapari/tracertm-backend/internal/handlers/agent_handler.go:184.58,187.16 3 1
github.com/kooshapari/tracertm-backend/internal/handlers/agent_handler.go:187.16,189.3 1 1
github.com/kooshapari/tracertm-backend/internal/handlers/agent_handler.go:191.2,191.73 1 0
github.com/kooshapari/tracertm-backend/internal/handlers/agent_handler.go:191.73,193.3 1 0
github.com/kooshapari/tracertm-backend/internal/handlers/agent_handler.go:194.2,194.77 1 0
github.com/kooshapari/tracertm-backend/internal/handlers/agent_handler.go:198.60,200.37 2 1
github.com/kooshapari/tracertm-backend/internal/handlers/agent_handler.go:200.37,202.3 1 1
github.com/kooshapari/tracertm-backend/internal/handlers/agent_handler.go:204.2,212.59 2 0
github.com/kooshapari/tracertm-backend/internal/handlers/agent_handler.go:212.59,214.3 1 0
github.com/kooshapari/tracertm-backend/internal/handlers/agent_handler.go:216.2,223.45 2 0
github.com/kooshapari/tracertm-backend/internal/handlers/agent_handler.go:227.61,229.37 2 1
github.com/kooshapari/tracertm-backend/internal/handlers/agent_handler.go:229.37,231.3 1 1
github.com/kooshapari/tracertm-backend/internal/handlers/agent_handler.go:233.2,233.73 1 0
github.com/kooshapari/tracertm-backend/internal/handlers/agent_handler.go:233.73,235.3 1 0
github.com/kooshapari/tracertm-backend/internal/handlers/agent_handler.go:237.2,243.40 2 0
github.com/kooshapari/tracertm-backend/internal/handlers/agent_handler.go:247.58,251.16 3 1
github.com/kooshapari/tracertm-backend/internal/handlers/agent_handler.go:251.16,253.3 1 0
github.com/kooshapari/tracertm-backend/internal/handlers/agent_handler.go:255.2,255.17 1 0
github.com/kooshapari/tracertm-backend/internal/handlers/agent_handler.go:255.17,261.3 2 0
github.com/kooshapari/tracertm-backend/internal/handlers/agent_handler.go:263.2,269.40 2 0
github.com/kooshapari/tracertm-backend/internal/handlers/agent_handler.go:273.63,275.37 2 1
github.com/kooshapari/tracertm-backend/internal/handlers/agent_handler.go:275.37,277.3 1 1
github.com/kooshapari/tracertm-backend/internal/handlers/agent_handler.go:279.2,279.88 1 0
github.com/kooshapari/tracertm-backend/internal/handlers/agent_handler.go:279.88,281.3 1 0
github.com/kooshapari/tracertm-backend/internal/handlers/agent_handler.go:283.2,289.40 2 0
github.com/kooshapari/tracertm-backend/internal/handlers/agent_handler.go:293.62,295.37 2 1
github.com/kooshapari/tracertm-backend/internal/handlers/agent_handler.go:295.37,297.3 1 1
github.com/kooshapari/tracertm-backend/internal/handlers/agent_handler.go:299.2,299.90 1 0
github.com/kooshapari/tracertm-backend/internal/handlers/agent_handler.go:299.90,301.3 1 0
github.com/kooshapari/tracertm-backend/internal/handlers/agent_handler.go:303.2,308.40 2 0
github.com/kooshapari/tracertm-backend/internal/handlers/agent_handler.go:312.57,314.38 2 1
github.com/kooshapari/tracertm-backend/internal/handlers/agent_handler.go:314.38,316.3 1 1
github.com/kooshapari/tracertm-backend/internal/handlers/agent_handler.go:318.2,318.56 1 0
github.com/kooshapari/tracertm-backend/internal/handlers/agent_handler.go:318.56,320.3 1 0
github.com/kooshapari/tracertm-backend/internal/handlers/agent_handler.go:322.2,326.4 1 0
github.com/kooshapari/tracertm-backend/internal/handlers/agent_handler.go:330.67,334.2 3 1
github.com/kooshapari/tracertm-backend/internal/handlers/agent_handler.go:337.61,341.16 3 1
github.com/kooshapari/tracertm-backend/internal/handlers/agent_handler.go:341.16,343.3 1 0
github.com/kooshapari/tracertm-backend/internal/handlers/agent_handler.go:345.2,345.37 1 0
github.com/kooshapari/tracertm-backend/internal/handlers/agent_handler.go:349.59,351.2 1 1
github.com/kooshapari/tracertm-backend/internal/handlers/agent_handler.go:354.82,355.20 1 1
github.com/kooshapari/tracertm-backend/internal/handlers/agent_handler.go:355.20,357.3 1 1
github.com/kooshapari/tracertm-backend/internal/handlers/agent_handler.go:358.2,359.49 2 0
github.com/kooshapari/tracertm-backend/internal/handlers/agent_handler.go:359.49,361.3 1 0
github.com/kooshapari/tracertm-backend/internal/handlers/agent_handler.go:363.2,363.67 1 0
github.com/kooshapari/tracertm-backend/internal/handlers/agent_handler.go:363.67,365.3 1 0
github.com/kooshapari/tracertm-backend/internal/handlers/agent_handler.go:369.134,370.24 1 1
github.com/kooshapari/tracertm-backend/internal/handlers/agent_handler.go:370.24,372.3 1 1
github.com/kooshapari/tracertm-backend/internal/handlers/agent_handler.go:375.2,375.92 1 0
github.com/kooshapari/tracertm-backend/internal/handlers/agent_handler.go:375.92,377.3 1 0
github.com/kooshapari/tracertm-backend/internal/handlers/agent_handler.go:381.99,382.34 1 1
github.com/kooshapari/tracertm-backend/internal/handlers/agent_handler.go:382.34,384.3 1 1
github.com/kooshapari/tracertm-backend/internal/handlers/agent_handler.go:386.2,387.9 2 0
github.com/kooshapari/tracertm-backend/internal/handlers/agent_handler.go:387.9,390.3 2 0
github.com/kooshapari/tracertm-backend/internal/handlers/agent_handler.go:392.2,400.56 2 0
github.com/kooshapari/tracertm-backend/internal/handlers/agent_handler.go:400.56,402.3 1 0
github.com/kooshapari/tracertm-backend/internal/handlers/binder.go:21.65,23.2 1 1
github.com/kooshapari/tracertm-backend/internal/handlers/binder.go:31.65,35.28 2 1
github.com/kooshapari/tracertm-backend/internal/handlers/binder.go:35.28,37.3 1 1
github.com/kooshapari/tracertm-backend/internal/handlers/binder.go:40.2,41.26 2 1
github.com/kooshapari/tracertm-backend/internal/handlers/binder.go:48.65,50.2 1 1
github.com/kooshapari/tracertm-backend/internal/handlers/coordination_handler.go:22.63,35.2 5 0
github.com/kooshapari/tracertm-backend/internal/handlers/coordination_handler.go:38.65,46.37 2 1
github.com/kooshapari/tracertm-backend/internal/handlers/coordination_handler.go:46.37,48.3 1 1
github.com/kooshapari/tracertm-backend/internal/handlers/coordination_handler.go:50.2,51.16 2 0
github.com/kooshapari/tracertm-backend/internal/handlers/coordination_handler.go:51.16,53.3 1 0
github.com/kooshapari/tracertm-backend/internal/handlers/coordination_handler.go:55.2,55.41 1 0
github.com/kooshapari/tracertm-backend/internal/handlers/coordination_handler.go:59.65,63.19 3 1
github.com/kooshapari/tracertm-backend/internal/handlers/coordination_handler.go:63.19,65.3 1 1
github.com/kooshapari/tracertm-backend/internal/handlers/coordination_handler.go:67.2,67.90 1 0
github.com/kooshapari/tracertm-backend/internal/handlers/coordination_handler.go:67.90,69.3 1 0
github.com/kooshapari/tracertm-backend/internal/handlers/coordination_handler.go:71.2,71.90 1 0
github.com/kooshapari/tracertm-backend/internal/handlers/coordination_handler.go:75.68,80.16 4 0
github.com/kooshapari/tracertm-backend/internal/handlers/coordination_handler.go:80.16,82.3 1 0
github.com/kooshapari/tracertm-backend/internal/handlers/coordination_handler.go:84.2,84.37 1 0
github.com/kooshapari/tracertm-backend/internal/handlers/coordination_handler.go:88.68,95.37 2 1
github.com/kooshapari/tracertm-backend/internal/handlers/coordination_handler.go:95.37,97.3 1 1
github.com/kooshapari/tracertm-backend/internal/handlers/coordination_handler.go:99.2,100.16 2 0
github.com/kooshapari/tracertm-backend/internal/handlers/coordination_handler.go:100.16,102.3 1 0
github.com/kooshapari/tracertm-backend/internal/handlers/coordination_handler.go:104.2,104.21 1 0
github.com/kooshapari/tracertm-backend/internal/handlers/coordination_handler.go:104.21,109.3 1 0
github.com/kooshapari/tracertm-backend/internal/handlers/coordination_handler.go:111.2,114.4 1 0
github.com/kooshapari/tracertm-backend/internal/handlers/coordination_handler.go:118.69,127.37 3 1
github.com/kooshapari/tracertm-backend/internal/handlers/coordination_handler.go:127.37,129.3 1 1
github.com/kooshapari/tracertm-backend/internal/handlers/coordination_handler.go:131.2,131.145 1 0
github.com/kooshapari/tracertm-backend/internal/handlers/coordination_handler.go:131.145,133.3 1 0
github.com/kooshapari/tracertm-backend/internal/handlers/coordination_handler.go:135.2,135.94 1 0
github.com/kooshapari/tracertm-backend/internal/handlers/coordination_handler.go:139.73,144.16 4 0
github.com/kooshapari/tracertm-backend/internal/handlers/coordination_handler.go:144.16,146.3 1 0
github.com/kooshapari/tracertm-backend/internal/handlers/coordination_handler.go:148.2,148.41 1 0
github.com/kooshapari/tracertm-backend/internal/handlers/coordination_handler.go:152.64,154.38 2 1
github.com/kooshapari/tracertm-backend/internal/handlers/coordination_handler.go:154.38,156.3 1 1
github.com/kooshapari/tracertm-backend/internal/handlers/coordination_handler.go:158.2,158.79 1 0
github.com/kooshapari/tracertm-backend/internal/handlers/coordination_handler.go:158.79,160.3 1 0
github.com/kooshapari/tracertm-backend/internal/handlers/coordination_handler.go:162.2,162.41 1 0
github.com/kooshapari/tracertm-backend/internal/handlers/coordination_handler.go:166.67,174.37 3 1
github.com/kooshapari/tracertm-backend/internal/handlers/coordination_handler.go:174.37,176.3 1 1
github.com/kooshapari/tracertm-backend/internal/handlers/coordination_handler.go:178.2,178.110 1 0
github.com/kooshapari/tracertm-backend/internal/handlers/coordination_handler.go:178.110,180.3 1 0
github.com/kooshapari/tracertm-backend/internal/handlers/coordination_handler.go:182.2,182.99 1 0
github.com/kooshapari/tracertm-backend/internal/handlers/coordination_handler.go:186.73,190.16 3 0
github.com/kooshapari/tracertm-backend/internal/handlers/coordination_handler.go:190.16,192.3 1 0
github.com/kooshapari/tracertm-backend/internal/handlers/coordination_handler.go:194.2,198.4 1 0
github.com/kooshapari/tracertm-backend/internal/handlers/coordination_handler.go:202.80,204.36 2 1
github.com/kooshapari/tracertm-backend/internal/handlers/coordination_handler.go:204.36,206.3 1 1
github.com/kooshapari/tracertm-backend/internal/handlers/coordination_handler.go:208.2,208.104 1 0
github.com/kooshapari/tracertm-backend/internal/handlers/coordination_handler.go:208.104,210.3 1 0
github.com/kooshapari/tracertm-backend/internal/handlers/coordination_handler.go:212.2,212.39 1 0
github.com/kooshapari/tracertm-backend/internal/handlers/coordination_handler.go:216.77,223.37 3 1
github.com/kooshapari/tracertm-backend/internal/handlers/coordination_handler.go:223.37,225.3 1 1
github.com/kooshapari/tracertm-backend/internal/handlers/coordination_handler.go:227.2,227.126 1 0
github.com/kooshapari/tracertm-backend/internal/handlers/coordination_handler.go:227.126,229.3 1 0
github.com/kooshapari/tracertm-backend/internal/handlers/coordination_handler.go:231.2,231.95 1 0
github.com/kooshapari/tracertm-backend/internal/handlers/coordination_handler.go:235.72,239.19 3 1
github.com/kooshapari/tracertm-backend/internal/handlers/coordination_handler.go:239.19,241.3 1 1
github.com/kooshapari/tracertm-backend/internal/handlers/coordination_handler.go:243.2,243.113 1 0
github.com/kooshapari/tracertm-backend/internal/handlers/coordination_handler.go:243.113,245.3 1 0
github.com/kooshapari/tracertm-backend/internal/handlers/coordination_handler.go:247.2,247.85 1 0
github.com/kooshapari/tracertm-backend/internal/handlers/coordination_handler.go:251.75,259.37 3 1
github.com/kooshapari/tracertm-backend/internal/handlers/coordination_handler.go:259.37,261.3 1 1
github.com/kooshapari/tracertm-backend/internal/handlers/coordination_handler.go:263.2,263.132 1 0
github.com/kooshapari/tracertm-backend/internal/handlers/coordination_handler.go:263.132,265.3 1 0
github.com/kooshapari/tracertm-backend/internal/handlers/coordination_handler.go:267.2,267.87 1 0
github.com/kooshapari/tracertm-backend/internal/handlers/coordination_handler.go:271.72,275.16 3 0
github.com/kooshapari/tracertm-backend/internal/handlers/coordination_handler.go:275.16,277.3 1 0
github.com/kooshapari/tracertm-backend/internal/handlers/coordination_handler.go:279.2,282.4 1 0
github.com/kooshapari/tracertm-backend/internal/handlers/coordination_handler.go:286.71,293.37 2 1
github.com/kooshapari/tracertm-backend/internal/handlers/coordination_handler.go:293.37,295.3 1 1
github.com/kooshapari/tracertm-backend/internal/handlers/coordination_handler.go:297.2,298.16 2 0
github.com/kooshapari/tracertm-backend/internal/handlers/coordination_handler.go:298.16,300.3 1 0
github.com/kooshapari/tracertm-backend/internal/handlers/coordination_handler.go:302.2,302.39 1 0
github.com/kooshapari/tracertm-backend/internal/handlers/coordination_handler.go:306.79,310.25 3 1
github.com/kooshapari/tracertm-backend/internal/handlers/coordination_handler.go:310.25,312.3 1 1
github.com/kooshapari/tracertm-backend/internal/handlers/coordination_handler.go:314.2,314.126 1 0
github.com/kooshapari/tracertm-backend/internal/handlers/coordination_handler.go:314.126,316.3 1 0
github.com/kooshapari/tracertm-backend/internal/handlers/coordination_handler.go:318.2,318.92 1 0
github.com/kooshapari/tracertm-backend/internal/handlers/coordination_handler.go:322.72,327.16 4 0
github.com/kooshapari/tracertm-backend/internal/handlers/coordination_handler.go:327.16,329.3 1 0
github.com/kooshapari/tracertm-backend/internal/handlers/coordination_handler.go:331.2,331.42 1 0
github.com/kooshapari/tracertm-backend/internal/handlers/coordination_handler.go:335.42,336.26 1 1
github.com/kooshapari/tracertm-backend/internal/handlers/coordination_handler.go:336.26,338.3 1 0
github.com/kooshapari/tracertm-backend/internal/handlers/graph_handler.go:32.17,41.2 1 0
github.com/kooshapari/tracertm-backend/internal/handlers/graph_handler.go:45.59,49.59 3 1
github.com/kooshapari/tracertm-backend/internal/handlers/graph_handler.go:49.59,50.51 1 0
github.com/kooshapari/tracertm-backend/internal/handlers/graph_handler.go:50.51,52.4 1 0
github.com/kooshapari/tracertm-backend/internal/handlers/graph_handler.go:56.2,58.20 3 1
github.com/kooshapari/tracertm-backend/internal/handlers/graph_handler.go:58.20,59.108 1 0
github.com/kooshapari/tracertm-backend/internal/handlers/graph_handler.go:59.108,61.4 1 0
github.com/kooshapari/tracertm-backend/internal/handlers/graph_handler.go:64.2,65.16 2 1
github.com/kooshapari/tracertm-backend/internal/handlers/graph_handler.go:65.16,67.3 1 1
github.com/kooshapari/tracertm-backend/internal/handlers/graph_handler.go:70.2,70.20 1 0
github.com/kooshapari/tracertm-backend/internal/handlers/graph_handler.go:70.20,71.13 1 0
github.com/kooshapari/tracertm-backend/internal/handlers/graph_handler.go:71.13,72.79 1 0
github.com/kooshapari/tracertm-backend/internal/handlers/graph_handler.go:72.79,74.5 1 0
github.com/kooshapari/tracertm-backend/internal/handlers/graph_handler.go:78.2,78.38 1 0
github.com/kooshapari/tracertm-backend/internal/handlers/graph_handler.go:83.61,87.59 3 1
github.com/kooshapari/tracertm-backend/internal/handlers/graph_handler.go:87.59,88.51 1 0
github.com/kooshapari/tracertm-backend/internal/handlers/graph_handler.go:88.51,90.4 1 0
github.com/kooshapari/tracertm-backend/internal/handlers/graph_handler.go:94.2,96.20 3 1
github.com/kooshapari/tracertm-backend/internal/handlers/graph_handler.go:96.20,97.108 1 0
github.com/kooshapari/tracertm-backend/internal/handlers/graph_handler.go:97.108,99.4 1 0
github.com/kooshapari/tracertm-backend/internal/handlers/graph_handler.go:102.2,103.16 2 1
github.com/kooshapari/tracertm-backend/internal/handlers/graph_handler.go:103.16,105.3 1 1
github.com/kooshapari/tracertm-backend/internal/handlers/graph_handler.go:108.2,108.20 1 0
github.com/kooshapari/tracertm-backend/internal/handlers/graph_handler.go:108.20,109.13 1 0
github.com/kooshapari/tracertm-backend/internal/handlers/graph_handler.go:109.13,110.79 1 0
github.com/kooshapari/tracertm-backend/internal/handlers/graph_handler.go:110.79,112.5 1 0
github.com/kooshapari/tracertm-backend/internal/handlers/graph_handler.go:116.2,116.38 1 0
github.com/kooshapari/tracertm-backend/internal/handlers/graph_handler.go:121.55,125.38 3 1
github.com/kooshapari/tracertm-backend/internal/handlers/graph_handler.go:125.38,127.3 1 1
github.com/kooshapari/tracertm-backend/internal/handlers/graph_handler.go:129.2,130.16 2 0
github.com/kooshapari/tracertm-backend/internal/handlers/graph_handler.go:130.16,132.3 1 0
github.com/kooshapari/tracertm-backend/internal/handlers/graph_handler.go:134.2,134.38 1 0
github.com/kooshapari/tracertm-backend/internal/handlers/graph_handler.go:139.59,144.38 4 1
github.com/kooshapari/tracertm-backend/internal/handlers/graph_handler.go:144.38,146.3 1 1
github.com/kooshapari/tracertm-backend/internal/handlers/graph_handler.go:148.2,148.65 1 1
github.com/kooshapari/tracertm-backend/internal/handlers/graph_handler.go:148.65,149.65 1 1
github.com/kooshapari/tracertm-backend/internal/handlers/graph_handler.go:149.65,151.4 1 0
github.com/kooshapari/tracertm-backend/internal/handlers/graph_handler.go:154.2,155.16 2 1
github.com/kooshapari/tracertm-backend/internal/handlers/graph_handler.go:155.16,157.3 1 1
github.com/kooshapari/tracertm-backend/internal/handlers/graph_handler.go:159.2,162.4 1 0
github.com/kooshapari/tracertm-backend/internal/handlers/graph_handler.go:167.59,171.16 3 0
github.com/kooshapari/tracertm-backend/internal/handlers/graph_handler.go:171.16,173.3 1 0
github.com/kooshapari/tracertm-backend/internal/handlers/graph_handler.go:175.2,175.38 1 0
github.com/kooshapari/tracertm-backend/internal/handlers/graph_handler.go:180.59,184.16 3 0
github.com/kooshapari/tracertm-backend/internal/handlers/graph_handler.go:184.16,186.3 1 0
github.com/kooshapari/tracertm-backend/internal/handlers/graph_handler.go:188.2,191.4 1 0
github.com/kooshapari/tracertm-backend/internal/handlers/graph_handler.go:196.62,200.16 3 0
github.com/kooshapari/tracertm-backend/internal/handlers/graph_handler.go:200.16,202.3 1 0
github.com/kooshapari/tracertm-backend/internal/handlers/graph_handler.go:204.2,207.28 1 0
github.com/kooshapari/tracertm-backend/internal/handlers/graph_handler.go:207.28,208.15 1 0
github.com/kooshapari/tracertm-backend/internal/handlers/graph_handler.go:208.15,210.5 1 0
github.com/kooshapari/tracertm-backend/internal/handlers/graph_handler.go:211.4,211.67 1 0
github.com/kooshapari/tracertm-backend/internal/handlers/graph_handler.go:218.64,222.59 3 0
github.com/kooshapari/tracertm-backend/internal/handlers/graph_handler.go:222.59,223.51 1 0
github.com/kooshapari/tracertm-backend/internal/handlers/graph_handler.go:223.51,225.4 1 0
github.com/kooshapari/tracertm-backend/internal/handlers/graph_handler.go:228.2,229.16 2 0
github.com/kooshapari/tracertm-backend/internal/handlers/graph_handler.go:229.16,231.3 1 0
github.com/kooshapari/tracertm-backend/internal/handlers/graph_handler.go:233.2,238.4 1 0
github.com/kooshapari/tracertm-backend/internal/handlers/graph_handler.go:243.68,247.59 3 0
github.com/kooshapari/tracertm-backend/internal/handlers/graph_handler.go:247.59,248.51 1 0
github.com/kooshapari/tracertm-backend/internal/handlers/graph_handler.go:248.51,250.4 1 0
github.com/kooshapari/tracertm-backend/internal/handlers/graph_handler.go:253.2,254.16 2 0
github.com/kooshapari/tracertm-backend/internal/handlers/graph_handler.go:254.16,256.3 1 0
github.com/kooshapari/tracertm-backend/internal/handlers/graph_handler.go:258.2,263.4 1 0
github.com/kooshapari/tracertm-backend/internal/handlers/graph_handler.go:268.61,272.16 3 0
github.com/kooshapari/tracertm-backend/internal/handlers/graph_handler.go:272.16,274.3 1 0
github.com/kooshapari/tracertm-backend/internal/handlers/graph_handler.go:276.2,279.4 1 0
github.com/kooshapari/tracertm-backend/internal/handlers/graph_handler.go:284.55,291.21 6 1
github.com/kooshapari/tracertm-backend/internal/handlers/graph_handler.go:291.21,293.3 1 1
github.com/kooshapari/tracertm-backend/internal/handlers/graph_handler.go:294.2,294.21 1 1
github.com/kooshapari/tracertm-backend/internal/handlers/graph_handler.go:294.21,296.3 1 1
github.com/kooshapari/tracertm-backend/internal/handlers/graph_handler.go:298.2,298.59 1 1
github.com/kooshapari/tracertm-backend/internal/handlers/graph_handler.go:298.59,299.51 1 0
github.com/kooshapari/tracertm-backend/internal/handlers/graph_handler.go:299.51,301.4 1 0
github.com/kooshapari/tracertm-backend/internal/handlers/graph_handler.go:305.2,306.26 2 1
github.com/kooshapari/tracertm-backend/internal/handlers/graph_handler.go:306.26,308.28 2 1
github.com/kooshapari/tracertm-backend/internal/handlers/graph_handler.go:308.28,310.4 1 1
github.com/kooshapari/tracertm-backend/internal/handlers/graph_handler.go:313.2,317.24 3 1
github.com/kooshapari/tracertm-backend/internal/handlers/graph_handler.go:317.24,318.25 1 1
github.com/kooshapari/tracertm-backend/internal/handlers/graph_handler.go:318.25,320.4 1 0
github.com/kooshapari/tracertm-backend/internal/handlers/graph_handler.go:320.9,322.4 1 1
github.com/kooshapari/tracertm-backend/internal/handlers/graph_handler.go:323.8,324.25 1 1
github.com/kooshapari/tracertm-backend/internal/handlers/graph_handler.go:324.25,326.4 1 0
github.com/kooshapari/tracertm-backend/internal/handlers/graph_handler.go:326.9,328.4 1 1
github.com/kooshapari/tracertm-backend/internal/handlers/graph_handler.go:331.2,331.16 1 1
github.com/kooshapari/tracertm-backend/internal/handlers/graph_handler.go:331.16,333.3 1 1
github.com/kooshapari/tracertm-backend/internal/handlers/graph_handler.go:335.2,341.4 1 0
github.com/kooshapari/tracertm-backend/internal/handlers/graph_handler.go:346.71,348.21 2 1
github.com/kooshapari/tracertm-backend/internal/handlers/graph_handler.go:348.21,350.3 1 1
github.com/kooshapari/tracertm-backend/internal/handlers/graph_handler.go:352.2,353.16 2 0
github.com/kooshapari/tracertm-backend/internal/handlers/graph_handler.go:353.16,355.3 1 0
github.com/kooshapari/tracertm-backend/internal/handlers/graph_handler.go:357.2,357.38 1 0
github.com/kooshapari/tracertm-backend/internal/handlers/graph_handler.go:362.65,366.65 3 0
github.com/kooshapari/tracertm-backend/internal/handlers/graph_handler.go:366.65,367.65 1 0
github.com/kooshapari/tracertm-backend/internal/handlers/graph_handler.go:367.65,369.4 1 0
github.com/kooshapari/tracertm-backend/internal/handlers/graph_handler.go:372.2,373.16 2 0
github.com/kooshapari/tracertm-backend/internal/handlers/graph_handler.go:373.16,375.3 1 0
github.com/kooshapari/tracertm-backend/internal/handlers/graph_handler.go:377.2,377.38 1 0
github.com/kooshapari/tracertm-backend/internal/handlers/graph_handler.go:381.95,385.2 2 1
github.com/kooshapari/tracertm-backend/internal/handlers/handlers.go:43.40,48.2 1 1
github.com/kooshapari/tracertm-backend/internal/handlers/handlers.go:60.35,62.24 2 1
github.com/kooshapari/tracertm-backend/internal/handlers/handlers.go:62.24,64.3 1 1
github.com/kooshapari/tracertm-backend/internal/handlers/handlers.go:65.2,65.36 1 1
github.com/kooshapari/tracertm-backend/internal/handlers/handlers.go:85.19,94.2 1 1
github.com/kooshapari/tracertm-backend/internal/handlers/handlers.go:96.62,102.47 2 0
github.com/kooshapari/tracertm-backend/internal/handlers/handlers.go:102.47,104.3 1 0
github.com/kooshapari/tracertm-backend/internal/handlers/handlers.go:106.2,107.25 2 0
github.com/kooshapari/tracertm-backend/internal/handlers/handlers.go:107.25,109.3 1 0
github.com/kooshapari/tracertm-backend/internal/handlers/handlers.go:111.2,116.16 2 0
github.com/kooshapari/tracertm-backend/internal/handlers/handlers.go:116.16,118.3 1 0
github.com/kooshapari/tracertm-backend/internal/handlers/handlers.go:121.2,124.24 2 0
github.com/kooshapari/tracertm-backend/internal/handlers/handlers.go:124.24,126.3 1 0
github.com/kooshapari/tracertm-backend/internal/handlers/handlers.go:129.2,129.34 1 0
github.com/kooshapari/tracertm-backend/internal/handlers/handlers.go:129.34,131.3 1 0
github.com/kooshapari/tracertm-backend/internal/handlers/handlers.go:133.2,133.44 1 0
github.com/kooshapari/tracertm-backend/internal/handlers/handlers.go:136.61,139.55 3 1
github.com/kooshapari/tracertm-backend/internal/handlers/handlers.go:139.55,140.51 1 1
github.com/kooshapari/tracertm-backend/internal/handlers/handlers.go:140.51,142.4 1 1
github.com/kooshapari/tracertm-backend/internal/handlers/handlers.go:144.2,144.58 1 1
github.com/kooshapari/tracertm-backend/internal/handlers/handlers.go:144.58,145.52 1 1
github.com/kooshapari/tracertm-backend/internal/handlers/handlers.go:145.52,147.4 1 1
github.com/kooshapari/tracertm-backend/internal/handlers/handlers.go:150.2,154.16 2 1
github.com/kooshapari/tracertm-backend/internal/handlers/handlers.go:154.16,156.3 1 1
github.com/kooshapari/tracertm-backend/internal/handlers/handlers.go:157.2,157.40 1 0
github.com/kooshapari/tracertm-backend/internal/handlers/handlers.go:160.59,163.16 3 1
github.com/kooshapari/tracertm-backend/internal/handlers/handlers.go:163.16,165.3 1 1
github.com/kooshapari/tracertm-backend/internal/handlers/handlers.go:167.2,168.16 2 0
github.com/kooshapari/tracertm-backend/internal/handlers/handlers.go:168.16,170.3 1 0
github.com/kooshapari/tracertm-backend/internal/handlers/handlers.go:171.2,171.39 1 0
github.com/kooshapari/tracertm-backend/internal/handlers/handlers.go:174.62,177.16 3 1
github.com/kooshapari/tracertm-backend/internal/handlers/handlers.go:177.16,179.3 1 1
github.com/kooshapari/tracertm-backend/internal/handlers/handlers.go:181.2,186.47 2 0
github.com/kooshapari/tracertm-backend/internal/handlers/handlers.go:186.47,188.3 1 0
github.com/kooshapari/tracertm-backend/internal/handlers/handlers.go:190.2,191.25 2 0
github.com/kooshapari/tracertm-backend/internal/handlers/handlers.go:191.25,193.3 1 0
github.com/kooshapari/tracertm-backend/internal/handlers/handlers.go:195.2,201.16 2 0
github.com/kooshapari/tracertm-backend/internal/handlers/handlers.go:201.16,203.3 1 0
github.com/kooshapari/tracertm-backend/internal/handlers/handlers.go:205.2,205.39 1 0
github.com/kooshapari/tracertm-backend/internal/handlers/handlers.go:208.62,211.16 3 1
github.com/kooshapari/tracertm-backend/internal/handlers/handlers.go:211.16,213.3 1 1
github.com/kooshapari/tracertm-backend/internal/handlers/handlers.go:215.2,215.75 1 0
github.com/kooshapari/tracertm-backend/internal/handlers/handlers.go:215.75,217.3 1 0
github.com/kooshapari/tracertm-backend/internal/handlers/handlers.go:220.2,223.24 2 0
github.com/kooshapari/tracertm-backend/internal/handlers/handlers.go:223.24,225.3 1 0
github.com/kooshapari/tracertm-backend/internal/handlers/handlers.go:228.2,228.34 1 0
github.com/kooshapari/tracertm-backend/internal/handlers/handlers.go:228.34,230.3 1 0
github.com/kooshapari/tracertm-backend/internal/handlers/handlers.go:232.2,232.79 1 0
github.com/kooshapari/tracertm-backend/internal/handlers/handlers.go:236.63,238.2 1 1
github.com/kooshapari/tracertm-backend/internal/handlers/handlers.go:241.88,242.20 1 1
github.com/kooshapari/tracertm-backend/internal/handlers/handlers.go:242.20,244.3 1 1
github.com/kooshapari/tracertm-backend/internal/handlers/handlers.go:245.2,246.49 2 0
github.com/kooshapari/tracertm-backend/internal/handlers/handlers.go:246.49,248.3 1 0
github.com/kooshapari/tracertm-backend/internal/handlers/handlers.go:250.2,250.69 1 0
github.com/kooshapari/tracertm-backend/internal/handlers/handlers.go:250.69,252.3 1 0
github.com/kooshapari/tracertm-backend/internal/handlers/handlers.go:256.124,257.24 1 1
github.com/kooshapari/tracertm-backend/internal/handlers/handlers.go:257.24,259.3 1 1
github.com/kooshapari/tracertm-backend/internal/handlers/handlers.go:262.2,262.87 1 0
github.com/kooshapari/tracertm-backend/internal/handlers/handlers.go:262.87,264.3 1 0
github.com/kooshapari/tracertm-backend/internal/handlers/handlers.go:268.105,269.34 1 1
github.com/kooshapari/tracertm-backend/internal/handlers/handlers.go:269.34,271.3 1 1
github.com/kooshapari/tracertm-backend/internal/handlers/handlers.go:273.2,274.9 2 0
github.com/kooshapari/tracertm-backend/internal/handlers/handlers.go:274.9,277.3 2 0
github.com/kooshapari/tracertm-backend/internal/handlers/handlers.go:279.2,287.56 2 0
github.com/kooshapari/tracertm-backend/internal/handlers/handlers.go:287.56,289.3 1 0
github.com/kooshapari/tracertm-backend/internal/handlers/item_handler.go:38.16,47.2 1 1
github.com/kooshapari/tracertm-backend/internal/handlers/item_handler.go:49.56,59.47 2 1
github.com/kooshapari/tracertm-backend/internal/handlers/item_handler.go:59.47,61.3 1 1
github.com/kooshapari/tracertm-backend/internal/handlers/item_handler.go:63.2,64.16 2 1
github.com/kooshapari/tracertm-backend/internal/handlers/item_handler.go:64.16,66.3 1 1
github.com/kooshapari/tracertm-backend/internal/handlers/item_handler.go:68.2,69.25 2 1
github.com/kooshapari/tracertm-backend/internal/handlers/item_handler.go:69.25,71.3 1 0
github.com/kooshapari/tracertm-backend/internal/handlers/item_handler.go:73.2,74.25 2 1
github.com/kooshapari/tracertm-backend/internal/handlers/item_handler.go:74.25,76.3 1 0
github.com/kooshapari/tracertm-backend/internal/handlers/item_handler.go:78.2,87.16 2 1
github.com/kooshapari/tracertm-backend/internal/handlers/item_handler.go:87.16,89.3 1 1
github.com/kooshapari/tracertm-backend/internal/handlers/item_handler.go:92.2,95.24 2 0
github.com/kooshapari/tracertm-backend/internal/handlers/item_handler.go:95.24,97.3 1 0
github.com/kooshapari/tracertm-backend/internal/handlers/item_handler.go:100.2,100.34 1 0
github.com/kooshapari/tracertm-backend/internal/handlers/item_handler.go:100.34,102.3 1 0
github.com/kooshapari/tracertm-backend/internal/handlers/item_handler.go:104.2,104.41 1 0
github.com/kooshapari/tracertm-backend/internal/handlers/item_handler.go:107.55,109.24 2 1
github.com/kooshapari/tracertm-backend/internal/handlers/item_handler.go:109.24,111.3 1 1
github.com/kooshapari/tracertm-backend/internal/handlers/item_handler.go:113.2,114.16 2 1
github.com/kooshapari/tracertm-backend/internal/handlers/item_handler.go:114.16,116.3 1 1
github.com/kooshapari/tracertm-backend/internal/handlers/item_handler.go:118.2,120.55 3 1
github.com/kooshapari/tracertm-backend/internal/handlers/item_handler.go:120.55,121.51 1 1
github.com/kooshapari/tracertm-backend/internal/handlers/item_handler.go:121.51,123.4 1 1
github.com/kooshapari/tracertm-backend/internal/handlers/item_handler.go:125.2,125.58 1 1
github.com/kooshapari/tracertm-backend/internal/handlers/item_handler.go:125.58,126.52 1 1
github.com/kooshapari/tracertm-backend/internal/handlers/item_handler.go:126.52,128.4 1 1
github.com/kooshapari/tracertm-backend/internal/handlers/item_handler.go:131.2,136.16 2 1
github.com/kooshapari/tracertm-backend/internal/handlers/item_handler.go:136.16,138.3 1 1
github.com/kooshapari/tracertm-backend/internal/handlers/item_handler.go:139.2,139.37 1 0
github.com/kooshapari/tracertm-backend/internal/handlers/item_handler.go:142.53,145.16 3 1
github.com/kooshapari/tracertm-backend/internal/handlers/item_handler.go:145.16,147.3 1 1
github.com/kooshapari/tracertm-backend/internal/handlers/item_handler.go:150.2,151.20 2 1
github.com/kooshapari/tracertm-backend/internal/handlers/item_handler.go:151.20,153.104 2 0
github.com/kooshapari/tracertm-backend/internal/handlers/item_handler.go:153.104,156.4 2 0
github.com/kooshapari/tracertm-backend/internal/handlers/item_handler.go:160.2,161.16 2 1
github.com/kooshapari/tracertm-backend/internal/handlers/item_handler.go:161.16,163.3 1 1
github.com/kooshapari/tracertm-backend/internal/handlers/item_handler.go:166.2,166.20 1 0
github.com/kooshapari/tracertm-backend/internal/handlers/item_handler.go:166.20,167.76 1 0
github.com/kooshapari/tracertm-backend/internal/handlers/item_handler.go:167.76,169.4 1 0
github.com/kooshapari/tracertm-backend/internal/handlers/item_handler.go:172.2,172.36 1 0
github.com/kooshapari/tracertm-backend/internal/handlers/item_handler.go:175.56,178.16 3 1
github.com/kooshapari/tracertm-backend/internal/handlers/item_handler.go:178.16,180.3 1 1
github.com/kooshapari/tracertm-backend/internal/handlers/item_handler.go:182.2,190.47 2 1
github.com/kooshapari/tracertm-backend/internal/handlers/item_handler.go:190.47,192.3 1 1
github.com/kooshapari/tracertm-backend/internal/handlers/item_handler.go:194.2,195.25 2 1
github.com/kooshapari/tracertm-backend/internal/handlers/item_handler.go:195.25,197.3 1 0
github.com/kooshapari/tracertm-backend/internal/handlers/item_handler.go:199.2,200.25 2 1
github.com/kooshapari/tracertm-backend/internal/handlers/item_handler.go:200.25,202.3 1 0
github.com/kooshapari/tracertm-backend/internal/handlers/item_handler.go:204.2,213.16 2 1
github.com/kooshapari/tracertm-backend/internal/handlers/item_handler.go:213.16,215.3 1 1
github.com/kooshapari/tracertm-backend/internal/handlers/item_handler.go:218.2,221.24 2 0
github.com/kooshapari/tracertm-backend/internal/handlers/item_handler.go:221.24,223.3 1 0
github.com/kooshapari/tracertm-backend/internal/handlers/item_handler.go:226.2,226.34 1 0
github.com/kooshapari/tracertm-backend/internal/handlers/item_handler.go:226.34,228.3 1 0
github.com/kooshapari/tracertm-backend/internal/handlers/item_handler.go:230.2,230.36 1 0
github.com/kooshapari/tracertm-backend/internal/handlers/item_handler.go:233.56,236.16 3 1
github.com/kooshapari/tracertm-backend/internal/handlers/item_handler.go:236.16,238.3 1 1
github.com/kooshapari/tracertm-backend/internal/handlers/item_handler.go:240.2,240.72 1 1
github.com/kooshapari/tracertm-backend/internal/handlers/item_handler.go:240.72,242.3 1 1
github.com/kooshapari/tracertm-backend/internal/handlers/item_handler.go:245.2,248.24 2 0
github.com/kooshapari/tracertm-backend/internal/handlers/item_handler.go:248.24,250.3 1 0
github.com/kooshapari/tracertm-backend/internal/handlers/item_handler.go:253.2,253.34 1 0
github.com/kooshapari/tracertm-backend/internal/handlers/item_handler.go:253.34,255.3 1 0
github.com/kooshapari/tracertm-backend/internal/handlers/item_handler.go:257.2,257.76 1 0
github.com/kooshapari/tracertm-backend/internal/handlers/item_handler.go:263.57,265.2 1 1
github.com/kooshapari/tracertm-backend/internal/handlers/item_handler.go:268.83,270.2 1 1
github.com/kooshapari/tracertm-backend/internal/handlers/item_handler.go:273.79,274.20 1 0
github.com/kooshapari/tracertm-backend/internal/handlers/item_handler.go:274.20,276.3 1 0
github.com/kooshapari/tracertm-backend/internal/handlers/item_handler.go:277.2,278.49 2 0
github.com/kooshapari/tracertm-backend/internal/handlers/item_handler.go:278.49,280.3 1 0
github.com/kooshapari/tracertm-backend/internal/handlers/item_handler.go:282.2,282.74 1 0
github.com/kooshapari/tracertm-backend/internal/handlers/item_handler.go:282.74,284.3 1 0
github.com/kooshapari/tracertm-backend/internal/handlers/item_handler.go:288.130,289.24 1 0
github.com/kooshapari/tracertm-backend/internal/handlers/item_handler.go:289.24,291.3 1 0
github.com/kooshapari/tracertm-backend/internal/handlers/item_handler.go:294.2,294.89 1 0
github.com/kooshapari/tracertm-backend/internal/handlers/item_handler.go:294.89,296.3 1 0
github.com/kooshapari/tracertm-backend/internal/handlers/item_handler.go:300.96,301.34 1 0
github.com/kooshapari/tracertm-backend/internal/handlers/item_handler.go:301.34,303.3 1 0
github.com/kooshapari/tracertm-backend/internal/handlers/item_handler.go:305.2,306.9 2 0
github.com/kooshapari/tracertm-backend/internal/handlers/item_handler.go:306.9,309.3 2 0
github.com/kooshapari/tracertm-backend/internal/handlers/item_handler.go:311.2,319.56 2 0
github.com/kooshapari/tracertm-backend/internal/handlers/item_handler.go:319.56,321.3 1 0
github.com/kooshapari/tracertm-backend/internal/handlers/link_handler.go:35.16,44.2 1 1
github.com/kooshapari/tracertm-backend/internal/handlers/link_handler.go:46.56,53.47 2 1
github.com/kooshapari/tracertm-backend/internal/handlers/link_handler.go:53.47,55.3 1 0
github.com/kooshapari/tracertm-backend/internal/handlers/link_handler.go:57.2,58.16 2 1
github.com/kooshapari/tracertm-backend/internal/handlers/link_handler.go:58.16,60.3 1 1
github.com/kooshapari/tracertm-backend/internal/handlers/link_handler.go:62.2,63.16 2 1
github.com/kooshapari/tracertm-backend/internal/handlers/link_handler.go:63.16,65.3 1 1
github.com/kooshapari/tracertm-backend/internal/handlers/link_handler.go:67.2,68.25 2 0
github.com/kooshapari/tracertm-backend/internal/handlers/link_handler.go:68.25,70.3 1 0
github.com/kooshapari/tracertm-backend/internal/handlers/link_handler.go:72.2,78.16 2 0
github.com/kooshapari/tracertm-backend/internal/handlers/link_handler.go:78.16,80.3 1 0
github.com/kooshapari/tracertm-backend/internal/handlers/link_handler.go:83.2,86.24 2 0
github.com/kooshapari/tracertm-backend/internal/handlers/link_handler.go:86.24,88.3 1 0
github.com/kooshapari/tracertm-backend/internal/handlers/link_handler.go:91.2,91.34 1 0
github.com/kooshapari/tracertm-backend/internal/handlers/link_handler.go:91.34,93.3 1 0
github.com/kooshapari/tracertm-backend/internal/handlers/link_handler.go:95.2,95.41 1 0
github.com/kooshapari/tracertm-backend/internal/handlers/link_handler.go:98.55,104.23 4 1
github.com/kooshapari/tracertm-backend/internal/handlers/link_handler.go:104.23,106.17 2 1
github.com/kooshapari/tracertm-backend/internal/handlers/link_handler.go:106.17,108.4 1 1
github.com/kooshapari/tracertm-backend/internal/handlers/link_handler.go:109.3,111.22 3 1
github.com/kooshapari/tracertm-backend/internal/handlers/link_handler.go:111.22,113.4 1 1
github.com/kooshapari/tracertm-backend/internal/handlers/link_handler.go:114.8,114.30 1 1
github.com/kooshapari/tracertm-backend/internal/handlers/link_handler.go:114.30,116.17 2 1
github.com/kooshapari/tracertm-backend/internal/handlers/link_handler.go:116.17,118.4 1 1
github.com/kooshapari/tracertm-backend/internal/handlers/link_handler.go:119.3,121.22 3 1
github.com/kooshapari/tracertm-backend/internal/handlers/link_handler.go:121.22,123.4 1 1
github.com/kooshapari/tracertm-backend/internal/handlers/link_handler.go:124.8,126.3 1 1
github.com/kooshapari/tracertm-backend/internal/handlers/link_handler.go:129.2,130.20 2 0
github.com/kooshapari/tracertm-backend/internal/handlers/link_handler.go:130.20,132.30 2 0
github.com/kooshapari/tracertm-backend/internal/handlers/link_handler.go:132.30,133.29 1 0
github.com/kooshapari/tracertm-backend/internal/handlers/link_handler.go:133.29,135.5 1 0
github.com/kooshapari/tracertm-backend/internal/handlers/link_handler.go:137.3,137.19 1 0
github.com/kooshapari/tracertm-backend/internal/handlers/link_handler.go:140.2,140.37 1 0
github.com/kooshapari/tracertm-backend/internal/handlers/link_handler.go:143.53,146.16 3 1
github.com/kooshapari/tracertm-backend/internal/handlers/link_handler.go:146.16,148.3 1 1
github.com/kooshapari/tracertm-backend/internal/handlers/link_handler.go:151.2,152.20 2 0
github.com/kooshapari/tracertm-backend/internal/handlers/link_handler.go:152.20,154.96 2 0
github.com/kooshapari/tracertm-backend/internal/handlers/link_handler.go:154.96,156.4 1 0
github.com/kooshapari/tracertm-backend/internal/handlers/link_handler.go:159.2,160.16 2 0
github.com/kooshapari/tracertm-backend/internal/handlers/link_handler.go:160.16,162.3 1 0
github.com/kooshapari/tracertm-backend/internal/handlers/link_handler.go:165.2,165.20 1 0
github.com/kooshapari/tracertm-backend/internal/handlers/link_handler.go:165.20,166.76 1 0
github.com/kooshapari/tracertm-backend/internal/handlers/link_handler.go:166.76,168.4 1 0
github.com/kooshapari/tracertm-backend/internal/handlers/link_handler.go:171.2,171.36 1 0
github.com/kooshapari/tracertm-backend/internal/handlers/link_handler.go:174.56,178.2 1 1
github.com/kooshapari/tracertm-backend/internal/handlers/link_handler.go:180.56,183.16 3 1
github.com/kooshapari/tracertm-backend/internal/handlers/link_handler.go:183.16,185.3 1 1
github.com/kooshapari/tracertm-backend/internal/handlers/link_handler.go:187.2,187.72 1 0
github.com/kooshapari/tracertm-backend/internal/handlers/link_handler.go:187.72,189.3 1 0
github.com/kooshapari/tracertm-backend/internal/handlers/link_handler.go:192.2,195.24 2 0
github.com/kooshapari/tracertm-backend/internal/handlers/link_handler.go:195.24,197.3 1 0
github.com/kooshapari/tracertm-backend/internal/handlers/link_handler.go:200.2,200.34 1 0
github.com/kooshapari/tracertm-backend/internal/handlers/link_handler.go:200.34,202.3 1 0
github.com/kooshapari/tracertm-backend/internal/handlers/link_handler.go:204.2,204.76 1 0
github.com/kooshapari/tracertm-backend/internal/handlers/link_handler.go:208.57,210.2 1 1
github.com/kooshapari/tracertm-backend/internal/handlers/link_handler.go:213.79,214.20 1 0
github.com/kooshapari/tracertm-backend/internal/handlers/link_handler.go:214.20,216.3 1 0
github.com/kooshapari/tracertm-backend/internal/handlers/link_handler.go:217.2,218.49 2 0
github.com/kooshapari/tracertm-backend/internal/handlers/link_handler.go:218.49,220.3 1 0
github.com/kooshapari/tracertm-backend/internal/handlers/link_handler.go:222.2,222.66 1 0
github.com/kooshapari/tracertm-backend/internal/handlers/link_handler.go:222.66,224.3 1 0
github.com/kooshapari/tracertm-backend/internal/handlers/link_handler.go:228.130,229.24 1 0
github.com/kooshapari/tracertm-backend/internal/handlers/link_handler.go:229.24,231.3 1 0
github.com/kooshapari/tracertm-backend/internal/handlers/link_handler.go:234.2,234.89 1 0
github.com/kooshapari/tracertm-backend/internal/handlers/link_handler.go:234.89,236.3 1 0
github.com/kooshapari/tracertm-backend/internal/handlers/link_handler.go:240.96,241.34 1 0
github.com/kooshapari/tracertm-backend/internal/handlers/link_handler.go:241.34,243.3 1 0
github.com/kooshapari/tracertm-backend/internal/handlers/link_handler.go:245.2,246.9 2 0
github.com/kooshapari/tracertm-backend/internal/handlers/link_handler.go:246.9,249.3 2 0
github.com/kooshapari/tracertm-backend/internal/handlers/link_handler.go:251.2,259.56 2 0
github.com/kooshapari/tracertm-backend/internal/handlers/link_handler.go:259.56,261.3 1 0
github.com/kooshapari/tracertm-backend/internal/handlers/search_handler.go:33.18,42.2 1 0
github.com/kooshapari/tracertm-backend/internal/handlers/search_handler.go:60.54,62.37 2 1
github.com/kooshapari/tracertm-backend/internal/handlers/search_handler.go:62.37,66.3 1 1
github.com/kooshapari/tracertm-backend/internal/handlers/search_handler.go:69.2,69.40 1 1
github.com/kooshapari/tracertm-backend/internal/handlers/search_handler.go:69.40,73.3 1 1
github.com/kooshapari/tracertm-backend/internal/handlers/search_handler.go:76.2,77.20 2 0
github.com/kooshapari/tracertm-backend/internal/handlers/search_handler.go:77.20,79.3 1 0
github.com/kooshapari/tracertm-backend/internal/handlers/search_handler.go:81.2,98.20 4 0
github.com/kooshapari/tracertm-backend/internal/handlers/search_handler.go:98.20,99.110 1 0
github.com/kooshapari/tracertm-backend/internal/handlers/search_handler.go:99.110,101.4 1 0
github.com/kooshapari/tracertm-backend/internal/handlers/search_handler.go:105.2,106.16 2 0
github.com/kooshapari/tracertm-backend/internal/handlers/search_handler.go:106.16,110.3 1 0
github.com/kooshapari/tracertm-backend/internal/handlers/search_handler.go:113.2,113.20 1 0
github.com/kooshapari/tracertm-backend/internal/handlers/search_handler.go:113.20,114.13 1 0
github.com/kooshapari/tracertm-backend/internal/handlers/search_handler.go:114.13,115.80 1 0
github.com/kooshapari/tracertm-backend/internal/handlers/search_handler.go:115.80,117.5 1 0
github.com/kooshapari/tracertm-backend/internal/handlers/search_handler.go:121.2,121.39 1 0
github.com/kooshapari/tracertm-backend/internal/handlers/search_handler.go:125.57,127.36 2 1
github.com/kooshapari/tracertm-backend/internal/handlers/search_handler.go:127.36,131.3 1 1
github.com/kooshapari/tracertm-backend/internal/handlers/search_handler.go:133.2,134.40 2 0
github.com/kooshapari/tracertm-backend/internal/handlers/search_handler.go:134.40,136.3 1 0
github.com/kooshapari/tracertm-backend/internal/handlers/search_handler.go:139.2,140.41 2 0
github.com/kooshapari/tracertm-backend/internal/handlers/search_handler.go:140.41,141.63 1 0
github.com/kooshapari/tracertm-backend/internal/handlers/search_handler.go:141.63,143.4 1 0
github.com/kooshapari/tracertm-backend/internal/handlers/search_handler.go:146.2,147.42 2 0
github.com/kooshapari/tracertm-backend/internal/handlers/search_handler.go:147.42,148.64 1 0
github.com/kooshapari/tracertm-backend/internal/handlers/search_handler.go:148.64,150.4 1 0
github.com/kooshapari/tracertm-backend/internal/handlers/search_handler.go:153.2,154.47 2 0
github.com/kooshapari/tracertm-backend/internal/handlers/search_handler.go:154.47,155.60 1 0
github.com/kooshapari/tracertm-backend/internal/handlers/search_handler.go:155.60,157.4 1 0
github.com/kooshapari/tracertm-backend/internal/handlers/search_handler.go:161.2,162.48 2 0
github.com/kooshapari/tracertm-backend/internal/handlers/search_handler.go:162.48,164.28 2 0
github.com/kooshapari/tracertm-backend/internal/handlers/search_handler.go:164.28,166.4 1 0
github.com/kooshapari/tracertm-backend/internal/handlers/search_handler.go:170.2,171.42 2 0
github.com/kooshapari/tracertm-backend/internal/handlers/search_handler.go:171.42,173.27 2 0
github.com/kooshapari/tracertm-backend/internal/handlers/search_handler.go:173.27,175.4 1 0
github.com/kooshapari/tracertm-backend/internal/handlers/search_handler.go:179.2,180.53 2 0
github.com/kooshapari/tracertm-backend/internal/handlers/search_handler.go:180.53,181.90 1 0
github.com/kooshapari/tracertm-backend/internal/handlers/search_handler.go:181.90,183.4 1 0
github.com/kooshapari/tracertm-backend/internal/handlers/search_handler.go:187.2,206.20 5 0
github.com/kooshapari/tracertm-backend/internal/handlers/search_handler.go:206.20,207.110 1 0
github.com/kooshapari/tracertm-backend/internal/handlers/search_handler.go:207.110,209.4 1 0
github.com/kooshapari/tracertm-backend/internal/handlers/search_handler.go:212.2,213.16 2 0
github.com/kooshapari/tracertm-backend/internal/handlers/search_handler.go:213.16,217.3 1 0
github.com/kooshapari/tracertm-backend/internal/handlers/search_handler.go:220.2,220.20 1 0
github.com/kooshapari/tracertm-backend/internal/handlers/search_handler.go:220.20,221.13 1 0
github.com/kooshapari/tracertm-backend/internal/handlers/search_handler.go:221.13,222.80 1 0
github.com/kooshapari/tracertm-backend/internal/handlers/search_handler.go:222.80,224.5 1 0
github.com/kooshapari/tracertm-backend/internal/handlers/search_handler.go:228.2,228.39 1 0
github.com/kooshapari/tracertm-backend/internal/handlers/search_handler.go:232.55,234.37 2 1
github.com/kooshapari/tracertm-backend/internal/handlers/search_handler.go:234.37,238.3 1 1
github.com/kooshapari/tracertm-backend/internal/handlers/search_handler.go:240.2,243.41 3 0
github.com/kooshapari/tracertm-backend/internal/handlers/search_handler.go:243.41,244.63 1 0
github.com/kooshapari/tracertm-backend/internal/handlers/search_handler.go:244.63,246.4 1 0
github.com/kooshapari/tracertm-backend/internal/handlers/search_handler.go:249.2,250.16 2 0
github.com/kooshapari/tracertm-backend/internal/handlers/search_handler.go:250.16,254.3 1 0
github.com/kooshapari/tracertm-backend/internal/handlers/search_handler.go:256.2,259.4 1 0
github.com/kooshapari/tracertm-backend/internal/handlers/search_handler.go:263.57,265.18 2 1
github.com/kooshapari/tracertm-backend/internal/handlers/search_handler.go:265.18,269.3 1 1
github.com/kooshapari/tracertm-backend/internal/handlers/search_handler.go:272.2,272.56 1 0
github.com/kooshapari/tracertm-backend/internal/handlers/search_handler.go:272.56,276.3 1 0
github.com/kooshapari/tracertm-backend/internal/handlers/search_handler.go:278.2,281.4 1 0
github.com/kooshapari/tracertm-backend/internal/handlers/search_handler.go:285.58,286.68 1 0
github.com/kooshapari/tracertm-backend/internal/handlers/search_handler.go:286.68,290.3 1 0
github.com/kooshapari/tracertm-backend/internal/handlers/search_handler.go:292.2,294.4 1 0
github.com/kooshapari/tracertm-backend/internal/handlers/search_handler.go:298.58,310.2 2 0
github.com/kooshapari/tracertm-backend/internal/handlers/search_handler.go:313.60,318.16 3 0
github.com/kooshapari/tracertm-backend/internal/handlers/search_handler.go:318.16,323.3 1 0
github.com/kooshapari/tracertm-backend/internal/handlers/search_handler.go:326.2,326.50 1 0
github.com/kooshapari/tracertm-backend/internal/handlers/search_handler.go:326.50,332.3 1 0
github.com/kooshapari/tracertm-backend/internal/handlers/search_handler.go:335.2,350.4 2 0
github.com/kooshapari/tracertm-backend/internal/handlers/search_handler.go:358.58,360.37 2 1
github.com/kooshapari/tracertm-backend/internal/handlers/search_handler.go:360.37,364.3 1 0
github.com/kooshapari/tracertm-backend/internal/handlers/search_handler.go:366.2,366.27 1 1
github.com/kooshapari/tracertm-backend/internal/handlers/search_handler.go:366.27,370.3 1 1
github.com/kooshapari/tracertm-backend/internal/handlers/search_handler.go:372.2,372.28 1 1
github.com/kooshapari/tracertm-backend/internal/handlers/search_handler.go:372.28,376.3 1 1
github.com/kooshapari/tracertm-backend/internal/handlers/search_handler.go:379.2,381.37 3 0
github.com/kooshapari/tracertm-backend/internal/handlers/search_handler.go:381.37,382.57 1 0
github.com/kooshapari/tracertm-backend/internal/handlers/search_handler.go:382.57,384.4 1 0
github.com/kooshapari/tracertm-backend/internal/handlers/search_handler.go:384.9,386.4 1 0
github.com/kooshapari/tracertm-backend/internal/handlers/search_handler.go:389.2,394.4 1 0
github.com/kooshapari/tracertm-backend/internal/handlers/search_handler.go:398.59,400.18 2 1
github.com/kooshapari/tracertm-backend/internal/handlers/search_handler.go:400.18,404.3 1 1
github.com/kooshapari/tracertm-backend/internal/handlers/search_handler.go:407.2,407.54 1 0
github.com/kooshapari/tracertm-backend/internal/handlers/search_handler.go:407.54,411.3 1 0
github.com/kooshapari/tracertm-backend/internal/handlers/search_handler.go:413.2,416.4 1 0
github.com/kooshapari/tracertm-backend/internal/handlers/search_handler.go:420.77,423.28 2 1
github.com/kooshapari/tracertm-backend/internal/handlers/search_handler.go:423.28,425.3 1 1
github.com/kooshapari/tracertm-backend/internal/handlers/search_handler.go:426.2,426.25 1 1
github.com/kooshapari/tracertm-backend/internal/handlers/search_handler.go:426.25,428.3 1 1
github.com/kooshapari/tracertm-backend/internal/handlers/search_handler.go:429.2,430.12 2 1
github.com/kooshapari/tracertm-backend/internal/handlers/test_helpers.go:16.127,19.17 2 0
github.com/kooshapari/tracertm-backend/internal/handlers/test_helpers.go:19.17,21.17 2 0
github.com/kooshapari/tracertm-backend/internal/handlers/test_helpers.go:21.17,23.4 1 0
github.com/kooshapari/tracertm-backend/internal/handlers/test_helpers.go:24.3,24.42 1 0
github.com/kooshapari/tracertm-backend/internal/handlers/test_helpers.go:25.8,27.3 1 0
github.com/kooshapari/tracertm-backend/internal/handlers/test_helpers.go:30.2,40.15 6 0
github.com/kooshapari/tracertm-backend/internal/handlers/test_helpers.go:44.70,49.40 4 0
github.com/kooshapari/tracertm-backend/internal/handlers/test_helpers.go:49.40,51.3 1 0
github.com/kooshapari/tracertm-backend/internal/handlers/test_helpers.go:54.2,55.16 2 0
github.com/kooshapari/tracertm-backend/internal/handlers/test_helpers.go:55.16,57.3 1 0
github.com/kooshapari/tracertm-backend/internal/handlers/test_helpers.go:61.83,62.26 1 0
github.com/kooshapari/tracertm-backend/internal/handlers/test_helpers.go:62.26,64.3 1 0
github.com/kooshapari/tracertm-backend/internal/handlers/test_helpers.go:68.91,70.16 2 0
github.com/kooshapari/tracertm-backend/internal/handlers/test_helpers.go:70.16,72.3 1 0
github.com/kooshapari/tracertm-backend/internal/handlers/test_helpers.go:78.85,80.2 1 0
