============================= test session starts ==============================
platform darwin -- Python 3.12.11, pytest-8.4.2, pluggy-1.6.0 -- /Users/kooshapari/miniforge3/bin/python
cachedir: .pytest_cache
rootdir: /Users/kooshapari/temp-PRODVERCEL/485/kush/trace
configfile: pyproject.toml
plugins: asyncio-0.24.0
asyncio: mode=Mode.STRICT, default_loop_scope=None
collecting ... collected 300 items

tests/integration/cli/test_cli_medium_full_coverage.py::TestDesignCommandInit::test_design_init_minimal FAILED [  0%]
tests/integration/cli/test_cli_medium_full_coverage.py::TestDesignCommandInit::test_design_init_with_figma FAILED [  0%]
tests/integration/cli/test_cli_medium_full_coverage.py::TestDesignCommandInit::test_design_init_invalid_storybook_path PASSED [  1%]
tests/integration/cli/test_cli_medium_full_coverage.py::TestDesignCommandInit::test_design_init_no_trace_dir PASSED [  1%]
tests/integration/cli/test_cli_medium_full_coverage.py::TestDesignCommandInit::test_design_init_overwrites_existing FAILED [  1%]
tests/integration/cli/test_cli_medium_full_coverage.py::TestDesignCommandInit::test_design_init_creates_directories FAILED [  2%]
tests/integration/cli/test_cli_medium_full_coverage.py::TestDesignCommandInit::test_design_init_creates_metadata_files FAILED [  2%]
tests/integration/cli/test_cli_medium_full_coverage.py::TestDesignCommandInit::test_design_init_sets_timestamps FAILED [  2%]
tests/integration/cli/test_cli_medium_full_coverage.py::TestDesignCommandInit::test_design_init_with_unicode_paths PASSED [  3%]
tests/integration/cli/test_cli_medium_full_coverage.py::TestDesignCommandInit::test_design_init_permission_denied PASSED [  3%]
tests/integration/cli/test_cli_medium_full_coverage.py::TestDesignComponentLink::test_link_storybook_component_basic PASSED [  3%]
tests/integration/cli/test_cli_medium_full_coverage.py::TestDesignComponentLink::test_link_to_figma_design PASSED [  4%]
tests/integration/cli/test_cli_medium_full_coverage.py::TestDesignComponentLink::test_link_multiple_design_sources PASSED [  4%]
tests/integration/cli/test_cli_medium_full_coverage.py::TestDesignComponentLink::test_link_with_metadata PASSED [  4%]
tests/integration/cli/test_cli_medium_full_coverage.py::TestDesignComponentLink::test_link_nonexistent_component PASSED [  5%]
tests/integration/cli/test_cli_medium_full_coverage.py::TestDesignComponentLink::test_link_invalid_figma_id PASSED [  5%]
tests/integration/cli/test_cli_medium_full_coverage.py::TestDesignComponentLink::test_link_update_existing_link PASSED [  5%]
tests/integration/cli/test_cli_medium_full_coverage.py::TestDesignComponentLink::test_link_circular_reference PASSED [  6%]
tests/integration/cli/test_cli_medium_full_coverage.py::TestDesignComponentLink::test_link_with_special_characters PASSED [  6%]
tests/integration/cli/test_cli_medium_full_coverage.py::TestDesignComponentLink::test_link_batch_operation PASSED [  6%]
tests/integration/cli/test_cli_medium_full_coverage.py::TestDesignSync::test_sync_storybook_components PASSED [  7%]
tests/integration/cli/test_cli_medium_full_coverage.py::TestDesignSync::test_sync_figma_designs PASSED [  7%]
tests/integration/cli/test_cli_medium_full_coverage.py::TestDesignSync::test_sync_both_sources PASSED [  7%]
tests/integration/cli/test_cli_medium_full_coverage.py::TestDesignSync::test_sync_with_dry_run PASSED [  8%]
tests/integration/cli/test_cli_medium_full_coverage.py::TestDesignSync::test_sync_handles_conflicts PASSED [  8%]
tests/integration/cli/test_cli_medium_full_coverage.py::TestDesignSync::test_sync_creates_backup PASSED [  8%]
tests/integration/cli/test_cli_medium_full_coverage.py::TestDesignSync::test_sync_partial_update PASSED [  9%]
tests/integration/cli/test_cli_medium_full_coverage.py::TestDesignSync::test_sync_network_failure PASSED [  9%]
tests/integration/cli/test_cli_medium_full_coverage.py::TestDesignSync::test_sync_timeout PASSED [  9%]
tests/integration/cli/test_cli_medium_full_coverage.py::TestDesignSync::test_sync_generates_report PASSED [ 10%]
tests/integration/cli/test_cli_medium_full_coverage.py::TestDesignSync::test_sync_incremental PASSED [ 10%]
tests/integration/cli/test_cli_medium_full_coverage.py::TestDesignSync::test_sync_full_reset PASSED [ 10%]
tests/integration/cli/test_cli_medium_full_coverage.py::TestDesignSync::test_sync_with_custom_mapping PASSED [ 11%]
tests/integration/cli/test_cli_medium_full_coverage.py::TestDesignSync::test_sync_updates_metadata PASSED [ 11%]
tests/integration/cli/test_cli_medium_full_coverage.py::TestDesignSync::test_sync_concurrent_operations PASSED [ 11%]
tests/integration/cli/test_cli_medium_full_coverage.py::TestProjectInit::test_project_init_minimal_required_fields PASSED [ 12%]
tests/integration/cli/test_cli_medium_full_coverage.py::TestProjectInit::test_project_init_with_description PASSED [ 12%]
tests/integration/cli/test_cli_medium_full_coverage.py::TestProjectInit::test_project_init_with_custom_database PASSED [ 12%]
tests/integration/cli/test_cli_medium_full_coverage.py::TestProjectInit::test_project_init_creates_directories PASSED [ 13%]
tests/integration/cli/test_cli_medium_full_coverage.py::TestProjectInit::test_project_init_duplicate_name PASSED [ 13%]
tests/integration/cli/test_cli_medium_full_coverage.py::TestProjectInit::test_project_init_special_characters_in_name PASSED [ 13%]
tests/integration/cli/test_cli_medium_full_coverage.py::TestProjectInit::test_project_init_unicode_in_name PASSED [ 14%]
tests/integration/cli/test_cli_medium_full_coverage.py::TestProjectInit::test_project_init_empty_name FAILED [ 14%]
tests/integration/cli/test_cli_medium_full_coverage.py::TestProjectInit::test_project_init_creates_readme PASSED [ 14%]
tests/integration/cli/test_cli_medium_full_coverage.py::TestProjectInit::test_project_init_permission_denied PASSED [ 15%]
tests/integration/cli/test_cli_medium_full_coverage.py::TestProjectInit::test_project_init_long_description PASSED [ 15%]
tests/integration/cli/test_cli_medium_full_coverage.py::TestProjectInit::test_project_init_sets_current_project PASSED [ 15%]
tests/integration/cli/test_cli_medium_full_coverage.py::TestProjectInit::test_project_init_idempotent PASSED [ 16%]
tests/integration/cli/test_cli_medium_full_coverage.py::TestProjectInit::test_project_init_with_metadata PASSED [ 16%]
tests/integration/cli/test_cli_medium_full_coverage.py::TestProjectInit::test_project_init_db_schema_created PASSED [ 16%]
tests/integration/cli/test_cli_medium_full_coverage.py::TestProjectInit::test_project_init_max_name_length PASSED [ 17%]
tests/integration/cli/test_cli_medium_full_coverage.py::TestProjectInit::test_project_init_invalid_database_url PASSED [ 17%]
tests/integration/cli/test_cli_medium_full_coverage.py::TestProjectInit::test_project_init_concurrent_initialization PASSED [ 17%]
tests/integration/cli/test_cli_medium_full_coverage.py::TestProjectInit::test_project_init_cleanup_on_failure PASSED [ 18%]
tests/integration/cli/test_cli_medium_full_coverage.py::TestProjectInit::test_project_init_shows_success_message PASSED [ 18%]
tests/integration/cli/test_cli_medium_full_coverage.py::TestProjectList::test_project_list_empty PASSED [ 18%]
tests/integration/cli/test_cli_medium_full_coverage.py::TestProjectList::test_project_list_single PASSED [ 19%]
tests/integration/cli/test_cli_medium_full_coverage.py::TestProjectList::test_project_list_multiple PASSED [ 19%]
tests/integration/cli/test_cli_medium_full_coverage.py::TestProjectList::test_project_list_with_formatting PASSED [ 19%]
tests/integration/cli/test_cli_medium_full_coverage.py::TestProjectList::test_project_list_json_output PASSED [ 20%]
tests/integration/cli/test_cli_medium_full_coverage.py::TestProjectList::test_project_list_with_details PASSED [ 20%]
tests/integration/cli/test_cli_medium_full_coverage.py::TestProjectList::test_project_list_sorted PASSED [ 20%]
tests/integration/cli/test_cli_medium_full_coverage.py::TestProjectList::test_project_list_filter_by_name PASSED [ 21%]
tests/integration/cli/test_cli_medium_full_coverage.py::TestProjectList::test_project_list_pagination PASSED [ 21%]
tests/integration/cli/test_cli_medium_full_coverage.py::TestProjectList::test_project_list_counts PASSED [ 21%]
tests/integration/cli/test_cli_medium_full_coverage.py::TestProjectList::test_project_list_shows_current_project PASSED [ 22%]
tests/integration/cli/test_cli_medium_full_coverage.py::TestProjectList::test_project_list_with_timestamps PASSED [ 22%]
tests/integration/cli/test_cli_medium_full_coverage.py::TestProjectList::test_project_list_reverse_sort PASSED [ 22%]
tests/integration/cli/test_cli_medium_full_coverage.py::TestProjectList::test_project_list_storage_error FAILED [ 23%]
tests/integration/cli/test_cli_medium_full_coverage.py::TestProjectList::test_project_list_many_projects PASSED [ 23%]
tests/integration/cli/test_cli_medium_full_coverage.py::TestProjectSwitch::test_project_switch_basic PASSED [ 23%]
tests/integration/cli/test_cli_medium_full_coverage.py::TestProjectSwitch::test_project_switch_nonexistent PASSED [ 24%]
tests/integration/cli/test_cli_medium_full_coverage.py::TestProjectSwitch::test_project_switch_to_current FAILED [ 24%]
tests/integration/cli/test_cli_medium_full_coverage.py::TestProjectSwitch::test_project_switch_updates_config PASSED [ 24%]
tests/integration/cli/test_cli_medium_full_coverage.py::TestProjectSwitch::test_project_switch_shows_confirmation PASSED [ 25%]
tests/integration/cli/test_cli_medium_full_coverage.py::TestProjectSwitch::test_project_switch_preserves_settings FAILED [ 25%]
tests/integration/cli/test_cli_medium_full_coverage.py::TestProjectSwitch::test_project_switch_empty_name FAILED [ 25%]
tests/integration/cli/test_cli_medium_full_coverage.py::TestProjectSwitch::test_project_switch_case_insensitive PASSED [ 26%]
tests/integration/cli/test_cli_medium_full_coverage.py::TestProjectSwitch::test_project_switch_with_spaces PASSED [ 26%]
tests/integration/cli/test_cli_medium_full_coverage.py::TestProjectSwitch::test_project_switch_validation PASSED [ 26%]
tests/integration/cli/test_cli_medium_full_coverage.py::TestProjectSwitch::test_project_switch_updates_database_url PASSED [ 27%]
tests/integration/cli/test_cli_medium_full_coverage.py::TestProjectSwitch::test_project_switch_closes_previous_connection PASSED [ 27%]
tests/integration/cli/test_cli_medium_full_coverage.py::TestProjectSwitch::test_project_switch_special_characters PASSED [ 27%]
tests/integration/cli/test_cli_medium_full_coverage.py::TestProjectSwitch::test_project_switch_unicode_name PASSED [ 28%]
tests/integration/cli/test_cli_medium_full_coverage.py::TestProjectSwitch::test_project_switch_storage_error PASSED [ 28%]
tests/integration/cli/test_cli_medium_full_coverage.py::TestSyncBasicOperations::test_sync_status_basic FAILED [ 28%]
tests/integration/cli/test_cli_medium_full_coverage.py::TestSyncBasicOperations::test_sync_status_with_pending_changes FAILED [ 29%]
tests/integration/cli/test_cli_medium_full_coverage.py::TestSyncBasicOperations::test_sync_status_no_database PASSED [ 29%]
tests/integration/cli/test_cli_medium_full_coverage.py::TestSyncBasicOperations::test_sync_push_basic FAILED [ 29%]
tests/integration/cli/test_cli_medium_full_coverage.py::TestSyncBasicOperations::test_sync_push_with_conflicts PASSED [ 30%]
tests/integration/cli/test_cli_medium_full_coverage.py::TestSyncBasicOperations::test_sync_push_nothing_to_push FAILED [ 30%]
tests/integration/cli/test_cli_medium_full_coverage.py::TestSyncBasicOperations::test_sync_pull_basic FAILED [ 30%]
tests/integration/cli/test_cli_medium_full_coverage.py::TestSyncBasicOperations::test_sync_pull_with_conflicts PASSED [ 31%]
tests/integration/cli/test_cli_medium_full_coverage.py::TestSyncBasicOperations::test_sync_pull_nothing_new FAILED [ 31%]
tests/integration/cli/test_cli_medium_full_coverage.py::TestSyncBasicOperations::test_sync_full_sync FAILED [ 31%]
tests/integration/cli/test_cli_medium_full_coverage.py::TestSyncBasicOperations::test_sync_dry_run FAILED [ 32%]
tests/integration/cli/test_cli_medium_full_coverage.py::TestSyncBasicOperations::test_sync_with_strategy PASSED [ 32%]
tests/integration/cli/test_cli_medium_full_coverage.py::TestSyncBasicOperations::test_sync_shows_progress FAILED [ 32%]
tests/integration/cli/test_cli_medium_full_coverage.py::TestSyncBasicOperations::test_sync_handles_timeout PASSED [ 33%]
tests/integration/cli/test_cli_medium_full_coverage.py::TestSyncBasicOperations::test_sync_handles_network_error PASSED [ 33%]
tests/integration/cli/test_cli_medium_full_coverage.py::TestSyncBasicOperations::test_sync_reports_summary FAILED [ 33%]
tests/integration/cli/test_cli_medium_full_coverage.py::TestSyncBasicOperations::test_sync_handles_authentication_error PASSED [ 34%]
tests/integration/cli/test_cli_medium_full_coverage.py::TestSyncBasicOperations::test_sync_creates_backup PASSED [ 34%]
tests/integration/cli/test_cli_medium_full_coverage.py::TestSyncBasicOperations::test_sync_incremental PASSED [ 34%]
tests/integration/cli/test_cli_medium_full_coverage.py::TestSyncBasicOperations::test_sync_force_overwrite FAILED [ 35%]
tests/integration/cli/test_cli_medium_full_coverage.py::TestSyncConflictResolution::test_resolve_conflict_manual PASSED [ 35%]
tests/integration/cli/test_cli_medium_full_coverage.py::TestSyncConflictResolution::test_resolve_conflict_accept_local PASSED [ 35%]
tests/integration/cli/test_cli_medium_full_coverage.py::TestSyncConflictResolution::test_resolve_conflict_accept_remote PASSED [ 36%]
tests/integration/cli/test_cli_medium_full_coverage.py::TestSyncConflictResolution::test_resolve_conflict_merge PASSED [ 36%]
tests/integration/cli/test_cli_medium_full_coverage.py::TestSyncConflictResolution::test_resolve_nonexistent_conflict PASSED [ 36%]
tests/integration/cli/test_cli_medium_full_coverage.py::TestSyncConflictResolution::test_list_conflicts PASSED [ 37%]
tests/integration/cli/test_cli_medium_full_coverage.py::TestSyncConflictResolution::test_resolve_all_conflicts_automatic PASSED [ 37%]
tests/integration/cli/test_cli_medium_full_coverage.py::TestSyncConflictResolution::test_conflict_shows_diff PASSED [ 37%]
tests/integration/cli/test_cli_medium_full_coverage.py::TestSyncConflictResolution::test_resolve_batch_conflicts PASSED [ 38%]
tests/integration/cli/test_cli_medium_full_coverage.py::TestSyncConflictResolution::test_resolve_conflict_with_callback PASSED [ 38%]
tests/integration/cli/test_cli_medium_full_coverage.py::TestSyncConflictResolution::test_conflict_resolution_preserves_metadata PASSED [ 38%]
tests/integration/cli/test_cli_medium_full_coverage.py::TestSyncConflictResolution::test_conflict_undo_resolution PASSED [ 39%]
tests/integration/cli/test_cli_medium_full_coverage.py::TestSyncConflictResolution::test_conflict_view_history PASSED [ 39%]
tests/integration/cli/test_cli_medium_full_coverage.py::TestSyncConflictResolution::test_conflict_three_way_merge PASSED [ 39%]
tests/integration/cli/test_cli_medium_full_coverage.py::TestSyncConflictResolution::test_conflict_strategic_resolution PASSED [ 40%]
tests/integration/cli/test_cli_medium_full_coverage.py::TestSyncConflictResolution::test_conflict_resolution_validation PASSED [ 40%]
tests/integration/cli/test_cli_medium_full_coverage.py::TestSyncConflictResolution::test_conflict_snapshot_before_resolution PASSED [ 40%]
tests/integration/cli/test_cli_medium_full_coverage.py::TestSyncConflictResolution::test_conflict_export_for_review PASSED [ 41%]
tests/integration/cli/test_cli_medium_full_coverage.py::TestSyncConflictResolution::test_conflict_import_resolution PASSED [ 41%]
tests/integration/cli/test_cli_medium_full_coverage.py::TestSyncConflictResolution::test_conflict_batch_with_criteria PASSED [ 41%]
tests/integration/cli/test_cli_medium_full_coverage.py::TestSyncAdvanced::test_sync_scheduled_sync PASSED [ 42%]
tests/integration/cli/test_cli_medium_full_coverage.py::TestSyncAdvanced::test_sync_cancel_scheduled PASSED [ 42%]
tests/integration/cli/test_cli_medium_full_coverage.py::TestSyncAdvanced::test_sync_export_for_backup PASSED [ 42%]
tests/integration/cli/test_cli_medium_full_coverage.py::TestSyncAdvanced::test_sync_import_from_backup PASSED [ 43%]
tests/integration/cli/test_cli_medium_full_coverage.py::TestSyncAdvanced::test_sync_reset_to_remote PASSED [ 43%]
tests/integration/cli/test_cli_medium_full_coverage.py::TestSyncAdvanced::test_sync_reset_to_local PASSED [ 43%]
tests/integration/cli/test_cli_medium_full_coverage.py::TestSyncAdvanced::test_sync_compare_versions PASSED [ 44%]
tests/integration/cli/test_cli_medium_full_coverage.py::TestSyncAdvanced::test_sync_selective_items PASSED [ 44%]
tests/integration/cli/test_cli_medium_full_coverage.py::TestSyncAdvanced::test_sync_selective_by_type PASSED [ 44%]
tests/integration/cli/test_cli_medium_full_coverage.py::TestSyncAdvanced::test_sync_with_bandwidth_limit PASSED [ 45%]
tests/integration/cli/test_cli_medium_full_coverage.py::TestSyncAdvanced::test_sync_compression PASSED [ 45%]
tests/integration/cli/test_cli_medium_full_coverage.py::TestSyncAdvanced::test_sync_with_encryption PASSED [ 45%]
tests/integration/cli/test_cli_medium_full_coverage.py::TestSyncAdvanced::test_sync_verify_integrity PASSED [ 46%]
tests/integration/cli/test_cli_medium_full_coverage.py::TestSyncAdvanced::test_sync_transaction_semantics PASSED [ 46%]
tests/integration/cli/test_cli_medium_full_coverage.py::TestSyncAdvanced::test_sync_performance_optimization PASSED [ 46%]
tests/integration/cli/test_cli_medium_full_coverage.py::TestInitTraceStructure::test_create_trace_minimal PASSED [ 47%]
tests/integration/cli/test_cli_medium_full_coverage.py::TestInitTraceStructure::test_create_trace_with_description PASSED [ 47%]
tests/integration/cli/test_cli_medium_full_coverage.py::TestInitTraceStructure::test_create_trace_directories PASSED [ 47%]
tests/integration/cli/test_cli_medium_full_coverage.py::TestInitTraceStructure::test_create_trace_meta_directory PASSED [ 48%]
tests/integration/cli/test_cli_medium_full_coverage.py::TestInitTraceStructure::test_create_trace_project_yaml PASSED [ 48%]
tests/integration/cli/test_cli_medium_full_coverage.py::TestInitTraceStructure::test_trace_project_yaml_content PASSED [ 48%]
tests/integration/cli/test_cli_medium_full_coverage.py::TestInitTraceStructure::test_trace_counters_initialized PASSED [ 49%]
tests/integration/cli/test_cli_medium_full_coverage.py::TestInitTraceStructure::test_trace_idempotent PASSED [ 49%]
tests/integration/cli/test_cli_medium_full_coverage.py::TestInitTraceStructure::test_trace_with_unicode_name PASSED [ 49%]
tests/integration/cli/test_cli_medium_full_coverage.py::TestInitTraceStructure::test_trace_with_special_chars PASSED [ 50%]
tests/integration/cli/test_cli_medium_full_coverage.py::TestInitTraceStructure::test_trace_version_set PASSED [ 50%]
tests/integration/cli/test_cli_medium_full_coverage.py::TestInitTraceStructure::test_trace_empty_settings PASSED [ 50%]
tests/integration/cli/test_cli_medium_full_coverage.py::TestInitTraceStructure::test_trace_creates_gitignore PASSED [ 51%]
tests/integration/cli/test_cli_medium_full_coverage.py::TestInitTraceStructure::test_trace_relative_path FAILED [ 51%]
tests/integration/cli/test_cli_medium_full_coverage.py::TestInitTraceStructure::test_trace_absolute_path PASSED [ 51%]
tests/integration/cli/test_cli_medium_full_coverage.py::TestInitTraceStructure::test_trace_long_project_name PASSED [ 52%]
tests/integration/cli/test_cli_medium_full_coverage.py::TestInitTraceStructure::test_trace_long_description PASSED [ 52%]
tests/integration/cli/test_cli_medium_full_coverage.py::TestInitTraceStructure::test_trace_permission_denied PASSED [ 52%]
tests/integration/cli/test_cli_medium_full_coverage.py::TestInitTraceStructure::test_trace_disk_full PASSED [ 53%]
tests/integration/cli/test_cli_medium_full_coverage.py::TestInitTraceStructure::test_trace_default_description PASSED [ 53%]
tests/integration/cli/test_cli_medium_full_coverage.py::TestInitCommand::test_init_command_basic PASSED [ 53%]
tests/integration/cli/test_cli_medium_full_coverage.py::TestInitCommand::test_init_command_with_path PASSED [ 54%]
tests/integration/cli/test_cli_medium_full_coverage.py::TestInitCommand::test_init_command_with_name PASSED [ 54%]
tests/integration/cli/test_cli_medium_full_coverage.py::TestInitCommand::test_init_command_success_message PASSED [ 54%]
tests/integration/cli/test_cli_medium_full_coverage.py::TestInitCommand::test_init_command_shows_directory_structure PASSED [ 55%]
tests/integration/cli/test_cli_medium_full_coverage.py::TestInitCommand::test_init_command_validates_path PASSED [ 55%]
tests/integration/cli/test_cli_medium_full_coverage.py::TestInitCommand::test_init_command_error_on_existing PASSED [ 55%]
tests/integration/cli/test_cli_medium_full_coverage.py::TestInitCommand::test_init_command_optional_description PASSED [ 56%]
tests/integration/cli/test_cli_medium_full_coverage.py::TestInitCommand::test_init_command_force_overwrite PASSED [ 56%]
tests/integration/cli/test_cli_medium_full_coverage.py::TestInitCommand::test_init_command_dry_run PASSED [ 56%]
tests/integration/cli/test_cli_medium_full_coverage.py::TestInitCommand::test_init_creates_config_file PASSED [ 57%]
tests/integration/cli/test_cli_medium_full_coverage.py::TestInitCommand::test_init_sets_git_attributes PASSED [ 57%]
tests/integration/cli/test_cli_medium_full_coverage.py::TestInitCommand::test_init_permission_denied PASSED [ 57%]
tests/integration/cli/test_cli_medium_full_coverage.py::TestInitCommand::test_init_disk_full PASSED [ 58%]
tests/integration/cli/test_cli_medium_full_coverage.py::TestInitCommand::test_init_unicode_name PASSED [ 58%]
tests/integration/cli/test_cli_medium_full_coverage.py::TestInitCommand::test_init_special_chars_name PASSED [ 58%]
tests/integration/cli/test_cli_medium_full_coverage.py::TestInitCommand::test_init_empty_name_error PASSED [ 59%]
tests/integration/cli/test_cli_medium_full_coverage.py::TestInitCommand::test_init_gitignore_content PASSED [ 59%]
tests/integration/cli/test_cli_medium_full_coverage.py::TestInitCommand::test_init_cleanup_on_failure PASSED [ 59%]
tests/integration/cli/test_cli_medium_full_coverage.py::TestInitCommand::test_init_interactive_mode PASSED [ 60%]
tests/integration/cli/test_cli_medium_full_coverage.py::TestImportJSON::test_import_json_basic PASSED [ 60%]
tests/integration/cli/test_cli_medium_full_coverage.py::TestImportJSON::test_import_json_file_not_found PASSED [ 60%]
tests/integration/cli/test_cli_medium_full_coverage.py::TestImportJSON::test_import_json_invalid_format PASSED [ 61%]
tests/integration/cli/test_cli_medium_full_coverage.py::TestImportJSON::test_import_json_validation_errors PASSED [ 61%]
tests/integration/cli/test_cli_medium_full_coverage.py::TestImportJSON::test_import_json_with_project PASSED [ 61%]
tests/integration/cli/test_cli_medium_full_coverage.py::TestImportJSON::test_import_json_validate_only PASSED [ 62%]
tests/integration/cli/test_cli_medium_full_coverage.py::TestImportJSON::test_import_json_with_links PASSED [ 62%]
tests/integration/cli/test_cli_medium_full_coverage.py::TestImportJSON::test_import_json_large_file PASSED [ 62%]
tests/integration/cli/test_cli_medium_full_coverage.py::TestImportJSON::test_import_json_unicode_content PASSED [ 63%]
tests/integration/cli/test_cli_medium_full_coverage.py::TestImportJSON::test_import_json_duplicate_detection PASSED [ 63%]
tests/integration/cli/test_cli_medium_full_coverage.py::TestImportJSON::test_import_json_merge_strategy PASSED [ 63%]
tests/integration/cli/test_cli_medium_full_coverage.py::TestImportJSON::test_import_json_skip_errors PASSED [ 64%]
tests/integration/cli/test_cli_medium_full_coverage.py::TestImportJSON::test_import_json_show_progress PASSED [ 64%]
tests/integration/cli/test_cli_medium_full_coverage.py::TestImportJSON::test_import_json_batch_size PASSED [ 64%]
tests/integration/cli/test_cli_medium_full_coverage.py::TestImportJSON::test_import_json_rollback_on_failure PASSED [ 65%]
tests/integration/cli/test_cli_medium_full_coverage.py::TestImportYAML::test_import_yaml_basic PASSED [ 65%]
tests/integration/cli/test_cli_medium_full_coverage.py::TestImportYAML::test_import_yaml_file_not_found PASSED [ 65%]
tests/integration/cli/test_cli_medium_full_coverage.py::TestImportYAML::test_import_yaml_invalid_format PASSED [ 66%]
tests/integration/cli/test_cli_medium_full_coverage.py::TestImportYAML::test_import_yaml_with_references PASSED [ 66%]
tests/integration/cli/test_cli_medium_full_coverage.py::TestImportYAML::test_import_yaml_unicode PASSED [ 66%]
tests/integration/cli/test_cli_medium_full_coverage.py::TestImportYAML::test_import_yaml_nested_structure PASSED [ 67%]
tests/integration/cli/test_cli_medium_full_coverage.py::TestImportYAML::test_import_yaml_with_comments PASSED [ 67%]
tests/integration/cli/test_cli_medium_full_coverage.py::TestImportYAML::test_import_yaml_multiline_strings PASSED [ 67%]
tests/integration/cli/test_cli_medium_full_coverage.py::TestImportYAML::test_import_yaml_empty_file PASSED [ 68%]
tests/integration/cli/test_cli_medium_full_coverage.py::TestImportYAML::test_import_yaml_validate_only PASSED [ 68%]
tests/integration/cli/test_cli_medium_full_coverage.py::TestImportIntegration::test_import_from_jira_basic PASSED [ 68%]
tests/integration/cli/test_cli_medium_full_coverage.py::TestImportIntegration::test_import_from_github_basic PASSED [ 69%]
tests/integration/cli/test_cli_medium_full_coverage.py::TestImportIntegration::test_import_from_gitlab_basic PASSED [ 69%]
tests/integration/cli/test_cli_medium_full_coverage.py::TestImportIntegration::test_import_mapping_fields PASSED [ 69%]
tests/integration/cli/test_cli_medium_full_coverage.py::TestImportIntegration::test_import_filter_items PASSED [ 70%]
tests/integration/cli/test_cli_medium_full_coverage.py::TestImportIntegration::test_import_incremental_update PASSED [ 70%]
tests/integration/cli/test_cli_medium_full_coverage.py::TestImportIntegration::test_import_handle_pagination PASSED [ 70%]
tests/integration/cli/test_cli_medium_full_coverage.py::TestImportIntegration::test_import_rate_limiting PASSED [ 71%]
tests/integration/cli/test_cli_medium_full_coverage.py::TestImportIntegration::test_import_authentication_failure PASSED [ 71%]
tests/integration/cli/test_cli_medium_full_coverage.py::TestImportIntegration::test_import_connection_error PASSED [ 71%]
tests/integration/cli/test_cli_medium_full_coverage.py::TestImportIntegration::test_import_timeout_handling PASSED [ 72%]
tests/integration/cli/test_cli_medium_full_coverage.py::TestImportIntegration::test_import_partial_failure_recovery PASSED [ 72%]
tests/integration/cli/test_cli_medium_full_coverage.py::TestImportIntegration::test_import_data_transformation PASSED [ 72%]
tests/integration/cli/test_cli_medium_full_coverage.py::TestImportIntegration::test_import_deduplicate_items PASSED [ 73%]
tests/integration/cli/test_cli_medium_full_coverage.py::TestImportIntegration::test_import_preserve_history PASSED [ 73%]
tests/integration/cli/test_cli_medium_full_coverage.py::TestImportIntegration::test_import_generate_report PASSED [ 73%]
tests/integration/cli/test_cli_medium_full_coverage.py::TestImportIntegration::test_import_validate_schema PASSED [ 74%]
tests/integration/cli/test_cli_medium_full_coverage.py::TestImportIntegration::test_import_custom_mapping_file PASSED [ 74%]
tests/integration/cli/test_cli_medium_full_coverage.py::TestImportIntegration::test_import_async_processing PASSED [ 74%]
tests/integration/cli/test_cli_medium_full_coverage.py::TestImportIntegration::test_import_webhook_notification PASSED [ 75%]
tests/integration/cli/test_cli_medium_full_coverage.py::TestTestCommand::test_test_run_all FAILED [ 75%]
tests/integration/cli/test_cli_medium_full_coverage.py::TestTestCommand::test_test_run_python_only PASSED [ 75%]
tests/integration/cli/test_cli_medium_full_coverage.py::TestTestCommand::test_test_run_go_only PASSED [ 76%]
tests/integration/cli/test_cli_medium_full_coverage.py::TestTestCommand::test_test_run_typescript_only PASSED [ 76%]
tests/integration/cli/test_cli_medium_full_coverage.py::TestTestCommand::test_test_filter_by_domain PASSED [ 76%]
tests/integration/cli/test_cli_medium_full_coverage.py::TestTestCommand::test_test_filter_by_epic PASSED [ 77%]
tests/integration/cli/test_cli_medium_full_coverage.py::TestTestCommand::test_test_with_coverage PASSED [ 77%]
tests/integration/cli/test_cli_medium_full_coverage.py::TestTestCommand::test_test_with_matrix PASSED [ 77%]
tests/integration/cli/test_cli_medium_full_coverage.py::TestTestCommand::test_test_parallel_execution PASSED [ 78%]
tests/integration/cli/test_cli_medium_full_coverage.py::TestTestCommand::test_test_with_timeout PASSED [ 78%]
tests/integration/cli/test_cli_medium_full_coverage.py::TestTestCommand::test_test_show_only_failures PASSED [ 78%]
tests/integration/cli/test_cli_medium_full_coverage.py::TestTestCommand::test_test_verbose_output PASSED [ 79%]
tests/integration/cli/test_cli_medium_full_coverage.py::TestTestCommand::test_test_quiet_output PASSED [ 79%]
tests/integration/cli/test_cli_medium_full_coverage.py::TestTestCommand::test_test_e2e_tests PASSED [ 79%]
tests/integration/cli/test_cli_medium_full_coverage.py::TestTestCommand::test_test_integration_tests PASSED [ 80%]
tests/integration/cli/test_cli_medium_full_coverage.py::TestTestCommand::test_test_unit_tests PASSED [ 80%]
tests/integration/cli/test_cli_medium_full_coverage.py::TestTestCommand::test_test_with_markers PASSED [ 80%]
tests/integration/cli/test_cli_medium_full_coverage.py::TestTestCommand::test_test_generate_html_report PASSED [ 81%]
tests/integration/cli/test_cli_medium_full_coverage.py::TestTestCommand::test_test_save_junit_xml PASSED [ 81%]
tests/integration/cli/test_cli_medium_full_coverage.py::TestTestCommand::test_test_filter_by_tag PASSED [ 81%]
tests/integration/cli/test_cli_medium_full_coverage.py::TestTestCommand::test_test_watch_mode PASSED [ 82%]
tests/integration/cli/test_cli_medium_full_coverage.py::TestTestCommand::test_test_seed_random PASSED [ 82%]
tests/integration/cli/test_cli_medium_full_coverage.py::TestTestCommand::test_test_split_suites PASSED [ 82%]
tests/integration/cli/test_cli_medium_full_coverage.py::TestTestCommand::test_test_fail_fast PASSED [ 83%]
tests/integration/cli/test_cli_medium_full_coverage.py::TestTestCommand::test_test_stop_after_n_failures PASSED [ 83%]
tests/integration/cli/test_cli_medium_full_coverage.py::TestTestCommand::test_test_ignore_skip_marks PASSED [ 83%]
tests/integration/cli/test_cli_medium_full_coverage.py::TestTestCommand::test_test_custom_conftest PASSED [ 84%]
tests/integration/cli/test_cli_medium_full_coverage.py::TestTestCommand::test_test_set_pythonpath PASSED [ 84%]
tests/integration/cli/test_cli_medium_full_coverage.py::TestTestCommand::test_test_error_on_warnings PASSED [ 84%]
tests/integration/cli/test_cli_medium_full_coverage.py::TestTestCommand::test_test_cache_directory PASSED [ 85%]
tests/integration/cli/test_cli_medium_full_coverage.py::TestTestCommand::test_test_show_fixtures PASSED [ 85%]
tests/integration/cli/test_cli_medium_full_coverage.py::TestTestCommand::test_test_show_markers PASSED [ 85%]
tests/integration/cli/test_cli_medium_full_coverage.py::TestTestCommand::test_test_collect_only PASSED [ 86%]
tests/integration/cli/test_cli_medium_full_coverage.py::TestTestCommand::test_test_dependency_check PASSED [ 86%]
tests/integration/cli/test_cli_medium_full_coverage.py::TestTestCommand::test_test_list_tests PASSED [ 86%]
tests/integration/cli/test_cli_medium_full_coverage.py::TestTestCommand::test_test_statistics PASSED [ 87%]
tests/integration/cli/test_cli_medium_full_coverage.py::TestTestCommand::test_test_profiling PASSED [ 87%]
tests/integration/cli/test_cli_medium_full_coverage.py::TestTestCommand::test_test_memory_tracking PASSED [ 87%]
tests/integration/cli/test_cli_medium_full_coverage.py::TestTestCommand::test_test_notify_on_completion PASSED [ 88%]
tests/integration/cli/test_cli_medium_full_coverage.py::TestTestCommand::test_test_custom_hook PASSED [ 88%]
tests/integration/cli/test_cli_medium_full_coverage.py::TestMigrateCommand::test_migrate_basic PASSED [ 88%]
tests/integration/cli/test_cli_medium_full_coverage.py::TestMigrateCommand::test_migrate_dry_run PASSED [ 89%]
tests/integration/cli/test_cli_medium_full_coverage.py::TestMigrateCommand::test_migrate_creates_backup PASSED [ 89%]
tests/integration/cli/test_cli_medium_full_coverage.py::TestMigrateCommand::test_migrate_skip_backup PASSED [ 89%]
tests/integration/cli/test_cli_medium_full_coverage.py::TestMigrateCommand::test_migrate_preserve_history PASSED [ 90%]
tests/integration/cli/test_cli_medium_full_coverage.py::TestMigrateCommand::test_migrate_update_links PASSED [ 90%]
tests/integration/cli/test_cli_medium_full_coverage.py::TestMigrateCommand::test_migrate_validate_schema PASSED [ 90%]
tests/integration/cli/test_cli_medium_full_coverage.py::TestMigrateCommand::test_migrate_check_integrity PASSED [ 91%]
tests/integration/cli/test_cli_medium_full_coverage.py::TestMigrateCommand::test_migrate_generate_report PASSED [ 91%]
tests/integration/cli/test_cli_medium_full_coverage.py::TestMigrateCommand::test_migrate_rollback PASSED [ 91%]
tests/integration/cli/test_cli_medium_full_coverage.py::TestMigrateCommand::test_migrate_skip_validation PASSED [ 92%]
tests/integration/cli/test_cli_medium_full_coverage.py::TestMigrateCommand::test_migrate_force_overwrite PASSED [ 92%]
tests/integration/cli/test_cli_medium_full_coverage.py::TestMigrateCommand::test_migrate_batch_projects PASSED [ 92%]
tests/integration/cli/test_cli_medium_full_coverage.py::TestMigrateCommand::test_migrate_from_directory PASSED [ 93%]
tests/integration/cli/test_cli_medium_full_coverage.py::TestMigrateCommand::test_migrate_incremental PASSED [ 93%]
tests/integration/cli/test_cli_medium_full_coverage.py::TestMigrateCommand::test_migrate_parallel PASSED [ 93%]
tests/integration/cli/test_cli_medium_full_coverage.py::TestMigrateCommand::test_migrate_database_mapping PASSED [ 94%]
tests/integration/cli/test_cli_medium_full_coverage.py::TestMigrateCommand::test_migrate_custom_script PASSED [ 94%]
tests/integration/cli/test_cli_medium_full_coverage.py::TestMigrateCommand::test_migrate_show_progress PASSED [ 94%]
tests/integration/cli/test_cli_medium_full_coverage.py::TestMigrateCommand::test_migrate_estimate_time PASSED [ 95%]
tests/integration/cli/test_cli_medium_full_coverage.py::TestMigrateCommand::test_migrate_health_check PASSED [ 95%]
tests/integration/cli/test_cli_medium_full_coverage.py::TestMigrateCommand::test_migrate_list_projects PASSED [ 95%]
tests/integration/cli/test_cli_medium_full_coverage.py::TestMigrateCommand::test_migrate_resume PASSED [ 96%]
tests/integration/cli/test_cli_medium_full_coverage.py::TestMigrateCommand::test_migrate_cancel PASSED [ 96%]
tests/integration/cli/test_cli_medium_full_coverage.py::TestMigrateCommand::test_migrate_verify PASSED [ 96%]
tests/integration/cli/test_cli_medium_full_coverage.py::TestMigrateCommand::test_migrate_show_status PASSED [ 97%]
tests/integration/cli/test_cli_medium_full_coverage.py::TestMigrateCommand::test_migrate_download_backup PASSED [ 97%]
tests/integration/cli/test_cli_medium_full_coverage.py::TestMigrateCommand::test_migrate_restore_backup PASSED [ 97%]
tests/integration/cli/test_cli_medium_full_coverage.py::TestMigrateCommand::test_migrate_compare_versions PASSED [ 98%]
tests/integration/cli/test_cli_medium_full_coverage.py::TestMigrateCommand::test_migrate_export_manifest PASSED [ 98%]
tests/integration/cli/test_cli_medium_full_coverage.py::TestMigrateCommand::test_migrate_replay_errors PASSED [ 98%]
tests/integration/cli/test_cli_medium_full_coverage.py::TestMigrateCommand::test_migrate_performance_profile PASSED [ 99%]
tests/integration/cli/test_cli_medium_full_coverage.py::TestMigrateCommand::test_migrate_memory_tracking PASSED [ 99%]
tests/integration/cli/test_cli_medium_full_coverage.py::TestMigrateCommand::test_migrate_notification_hook PASSED [ 99%]
tests/integration/cli/test_cli_medium_full_coverage.py::TestMigrateCommand::test_migrate_pre_post_scripts PASSED [100%]

=================================== FAILURES ===================================
________________ TestDesignCommandInit.test_design_init_minimal ________________
/Users/kooshapari/temp-PRODVERCEL/485/kush/trace/tests/integration/cli/test_cli_medium_full_coverage.py:146: in test_design_init_minimal
    assert result.exit_code == 0
E   assert 2 == 0
E    +  where 2 = <Result SystemExit(2)>.exit_code
______________ TestDesignCommandInit.test_design_init_with_figma _______________
/Users/kooshapari/temp-PRODVERCEL/485/kush/trace/tests/integration/cli/test_cli_medium_full_coverage.py:161: in test_design_init_with_figma
    assert result.exit_code == 0
E   assert 2 == 0
E    +  where 2 = <Result SystemExit(2)>.exit_code
__________ TestDesignCommandInit.test_design_init_overwrites_existing __________
/Users/kooshapari/temp-PRODVERCEL/485/kush/trace/tests/integration/cli/test_cli_medium_full_coverage.py:204: in test_design_init_overwrites_existing
    assert result.exit_code == 0
E   assert 2 == 0
E    +  where 2 = <Result SystemExit(2)>.exit_code
__________ TestDesignCommandInit.test_design_init_creates_directories __________
/Users/kooshapari/temp-PRODVERCEL/485/kush/trace/tests/integration/cli/test_cli_medium_full_coverage.py:217: in test_design_init_creates_directories
    assert result.exit_code == 0
E   assert 2 == 0
E    +  where 2 = <Result SystemExit(2)>.exit_code
________ TestDesignCommandInit.test_design_init_creates_metadata_files _________
/Users/kooshapari/temp-PRODVERCEL/485/kush/trace/tests/integration/cli/test_cli_medium_full_coverage.py:232: in test_design_init_creates_metadata_files
    assert result.exit_code == 0
E   assert 2 == 0
E    +  where 2 = <Result SystemExit(2)>.exit_code
____________ TestDesignCommandInit.test_design_init_sets_timestamps ____________
/Users/kooshapari/temp-PRODVERCEL/485/kush/trace/tests/integration/cli/test_cli_medium_full_coverage.py:247: in test_design_init_sets_timestamps
    assert result.exit_code == 0
E   assert 2 == 0
E    +  where 2 = <Result SystemExit(2)>.exit_code
_________________ TestProjectInit.test_project_init_empty_name _________________
/Users/kooshapari/temp-PRODVERCEL/485/kush/trace/tests/integration/cli/test_cli_medium_full_coverage.py:682: in test_project_init_empty_name
    assert result.exit_code != 0
E   assert 0 != 0
E    +  where 0 = <Result okay>.exit_code
_______________ TestProjectList.test_project_list_storage_error ________________
/Users/kooshapari/temp-PRODVERCEL/485/kush/trace/tests/integration/cli/test_cli_medium_full_coverage.py:1004: in test_project_list_storage_error
    assert result.exit_code != 0
E   assert 0 != 0
E    +  where 0 = <Result okay>.exit_code
_______________ TestProjectSwitch.test_project_switch_to_current _______________
/Users/kooshapari/temp-PRODVERCEL/485/kush/trace/tests/integration/cli/test_cli_medium_full_coverage.py:1048: in test_project_switch_to_current
    assert result.exit_code == 0
E   assert 1 == 0
E    +  where 1 = <Result SystemExit(1)>.exit_code
___________ TestProjectSwitch.test_project_switch_preserves_settings ___________
/Users/kooshapari/temp-PRODVERCEL/485/kush/trace/tests/integration/cli/test_cli_medium_full_coverage.py:1081: in test_project_switch_preserves_settings
    assert result.exit_code == 0
E   assert 1 == 0
E    +  where 1 = <Result SystemExit(1)>.exit_code
_______________ TestProjectSwitch.test_project_switch_empty_name _______________
/Users/kooshapari/temp-PRODVERCEL/485/kush/trace/tests/integration/cli/test_cli_medium_full_coverage.py:1086: in test_project_switch_empty_name
    assert result.exit_code != 0
E   assert 0 != 0
E    +  where 0 = <Result okay>.exit_code
________________ TestSyncBasicOperations.test_sync_status_basic ________________
/Users/kooshapari/temp-PRODVERCEL/485/kush/trace/tests/integration/cli/test_cli_medium_full_coverage.py:1188: in test_sync_status_basic
    assert result.exit_code == 0
E   assert 1 == 0
E    +  where 1 = <Result TraceRTMError("Failed to get sync status: '>' not supported between instances of 'MagicMock' and 'int'")>.exit_code
----------------------------- Captured stderr call -----------------------------
2025-12-09 03:00:00.657 | WARNING  | tracertm.api.sync_client:_retry_request:362 - Network error on attempt 1/3: [Errno 8] nodename nor servname provided, or not known
2025-12-09 03:00:00.666 | DEBUG    | tracertm.api.sync_client:_retry_request:384 - Retrying in 1.10s...
2025-12-09 03:00:01.790 | WARNING  | tracertm.api.sync_client:_retry_request:362 - Network error on attempt 2/3: [Errno 8] nodename nor servname provided, or not known
2025-12-09 03:00:01.790 | DEBUG    | tracertm.api.sync_client:_retry_request:384 - Retrying in 2.19s...
2025-12-09 03:00:04.016 | WARNING  | tracertm.api.sync_client:_retry_request:362 - Network error on attempt 3/3: [Errno 8] nodename nor servname provided, or not known
2025-12-09 03:00:04.017 | ERROR    | tracertm.api.sync_client:health_check:413 - Health check failed: Network error after 3 retries: [Errno 8] nodename nor servname provided, or not known
________ TestSyncBasicOperations.test_sync_status_with_pending_changes _________
/Users/kooshapari/temp-PRODVERCEL/485/kush/trace/tests/integration/cli/test_cli_medium_full_coverage.py:1199: in test_sync_status_with_pending_changes
    assert result.exit_code == 0
E   assert 1 == 0
E    +  where 1 = <Result TraceRTMError("Failed to get sync status: '<' not supported between instances of 'MagicMock' and 'int'")>.exit_code
----------------------------- Captured stderr call -----------------------------
2025-12-09 03:00:04.216 | WARNING  | tracertm.api.sync_client:_retry_request:362 - Network error on attempt 1/3: [Errno 8] nodename nor servname provided, or not known
2025-12-09 03:00:04.216 | DEBUG    | tracertm.api.sync_client:_retry_request:384 - Retrying in 1.09s...
2025-12-09 03:00:05.307 | WARNING  | tracertm.api.sync_client:_retry_request:362 - Network error on attempt 2/3: [Errno 8] nodename nor servname provided, or not known
2025-12-09 03:00:05.307 | DEBUG    | tracertm.api.sync_client:_retry_request:384 - Retrying in 2.11s...
2025-12-09 03:00:07.446 | WARNING  | tracertm.api.sync_client:_retry_request:362 - Network error on attempt 3/3: [Errno 8] nodename nor servname provided, or not known
2025-12-09 03:00:07.447 | ERROR    | tracertm.api.sync_client:health_check:413 - Health check failed: Network error after 3 retries: [Errno 8] nodename nor servname provided, or not known
_________________ TestSyncBasicOperations.test_sync_push_basic _________________
/Users/kooshapari/temp-PRODVERCEL/485/kush/trace/tests/integration/cli/test_cli_medium_full_coverage.py:1215: in test_sync_push_basic
    assert result.exit_code == 0
E   assert 1 == 0
E    +  where 1 = <Result TraceRTMError("Push failed: a coroutine was expected, got <MagicMock name='_get_sync_engine().process_queue()' id='4790764128'>")>.exit_code
____________ TestSyncBasicOperations.test_sync_push_nothing_to_push ____________
/Users/kooshapari/temp-PRODVERCEL/485/kush/trace/tests/integration/cli/test_cli_medium_full_coverage.py:1231: in test_sync_push_nothing_to_push
    assert result.exit_code == 0
E   assert 1 == 0
E    +  where 1 = <Result TraceRTMError("Push failed: a coroutine was expected, got <MagicMock name='_get_sync_engine().process_queue()' id='4790771616'>")>.exit_code
_________________ TestSyncBasicOperations.test_sync_pull_basic _________________
/Users/kooshapari/temp-PRODVERCEL/485/kush/trace/tests/integration/cli/test_cli_medium_full_coverage.py:1239: in test_sync_pull_basic
    assert result.exit_code == 0
E   assert 1 == 0
E    +  where 1 = <Result TraceRTMError("Pull failed: a coroutine was expected, got <MagicMock name='_get_sync_engine().pull_changes()' id='4793161856'>")>.exit_code
______________ TestSyncBasicOperations.test_sync_pull_nothing_new ______________
/Users/kooshapari/temp-PRODVERCEL/485/kush/trace/tests/integration/cli/test_cli_medium_full_coverage.py:1255: in test_sync_pull_nothing_new
    assert result.exit_code == 0
E   assert 1 == 0
E    +  where 1 = <Result TraceRTMError("Pull failed: a coroutine was expected, got <MagicMock name='_get_sync_engine().pull_changes()' id='4789452384'>")>.exit_code
_________________ TestSyncBasicOperations.test_sync_full_sync __________________
/Users/kooshapari/temp-PRODVERCEL/485/kush/trace/tests/integration/cli/test_cli_medium_full_coverage.py:1264: in test_sync_full_sync
    assert result.exit_code == 0
E   assert 1 == 0
E    +  where 1 = <Result TraceRTMError("Sync failed: a coroutine was expected, got <MagicMock name='_get_sync_engine().sync()' id='4791512496'>")>.exit_code
__________________ TestSyncBasicOperations.test_sync_dry_run ___________________
/Users/kooshapari/temp-PRODVERCEL/485/kush/trace/tests/integration/cli/test_cli_medium_full_coverage.py:1272: in test_sync_dry_run
    assert result.exit_code in [0, 2]
E   assert 1 in [0, 2]
E    +  where 1 = <Result TraceRTMError("Sync failed: a coroutine was expected, got <MagicMock name='_get_sync_engine().sync()' id='4794149696'>")>.exit_code
_______________ TestSyncBasicOperations.test_sync_shows_progress _______________
/Users/kooshapari/temp-PRODVERCEL/485/kush/trace/tests/integration/cli/test_cli_medium_full_coverage.py:1288: in test_sync_shows_progress
    assert result.exit_code == 0
E   assert 1 == 0
E    +  where 1 = <Result TraceRTMError("Push failed: a coroutine was expected, got <MagicMock name='_get_sync_engine().process_queue()' id='4789448304'>")>.exit_code
______________ TestSyncBasicOperations.test_sync_reports_summary _______________
/Users/kooshapari/temp-PRODVERCEL/485/kush/trace/tests/integration/cli/test_cli_medium_full_coverage.py:1312: in test_sync_reports_summary
    assert result.exit_code == 0
E   assert 1 == 0
E    +  where 1 = <Result TraceRTMError("Push failed: a coroutine was expected, got <MagicMock name='_get_sync_engine().process_queue()' id='4793223552'>")>.exit_code
______________ TestSyncBasicOperations.test_sync_force_overwrite _______________
/Users/kooshapari/temp-PRODVERCEL/485/kush/trace/tests/integration/cli/test_cli_medium_full_coverage.py:1344: in test_sync_force_overwrite
    assert result.exit_code in [0, 2]
E   assert 1 in [0, 2]
E    +  where 1 = <Result TraceRTMError("Push failed: a coroutine was expected, got <MagicMock name='_get_sync_engine().process_queue()' id='4793745040'>")>.exit_code
_______________ TestInitTraceStructure.test_trace_relative_path ________________
/Users/kooshapari/temp-PRODVERCEL/485/kush/trace/tests/integration/cli/test_cli_medium_full_coverage.py:1670: in test_trace_relative_path
    result_dir, _ = create_trace_structure(tmp_path / "subdir", "TestProject")
                    ^^^^^^^^^^^^^^^^^^^^^^^^^^^^^^^^^^^^^^^^^^^^^^^^^^^^^^^^^^
/Users/kooshapari/temp-PRODVERCEL/485/kush/trace/src/tracertm/cli/commands/init.py:38: in create_trace_structure
    trace_dir.mkdir(exist_ok=True)
/Users/kooshapari/miniforge3/lib/python3.12/pathlib.py:1311: in mkdir
    os.mkdir(self, mode)
E   FileNotFoundError: [Errno 2] No such file or directory: '/private/var/folders/wl/z8733y815nzg28yy0_1_lh7w0000gn/T/pytest-of-kooshapari/pytest-146/test_trace_relative_path0/subdir/.trace'
______________________ TestTestCommand.test_test_run_all _______________________
/Users/kooshapari/temp-PRODVERCEL/485/kush/trace/tests/integration/cli/test_cli_medium_full_coverage.py:2370: in test_test_run_all
    assert result.exit_code == 0
E   assert 2 == 0
E    +  where 2 = <Result SystemExit(2)>.exit_code
=========================== short test summary info ============================
FAILED tests/integration/cli/test_cli_medium_full_coverage.py::TestDesignCommandInit::test_design_init_minimal - assert 2 == 0
 +  where 2 = <Result SystemExit(2)>.exit_code
FAILED tests/integration/cli/test_cli_medium_full_coverage.py::TestDesignCommandInit::test_design_init_with_figma - assert 2 == 0
 +  where 2 = <Result SystemExit(2)>.exit_code
FAILED tests/integration/cli/test_cli_medium_full_coverage.py::TestDesignCommandInit::test_design_init_overwrites_existing - assert 2 == 0
 +  where 2 = <Result SystemExit(2)>.exit_code
FAILED tests/integration/cli/test_cli_medium_full_coverage.py::TestDesignCommandInit::test_design_init_creates_directories - assert 2 == 0
 +  where 2 = <Result SystemExit(2)>.exit_code
FAILED tests/integration/cli/test_cli_medium_full_coverage.py::TestDesignCommandInit::test_design_init_creates_metadata_files - assert 2 == 0
 +  where 2 = <Result SystemExit(2)>.exit_code
FAILED tests/integration/cli/test_cli_medium_full_coverage.py::TestDesignCommandInit::test_design_init_sets_timestamps - assert 2 == 0
 +  where 2 = <Result SystemExit(2)>.exit_code
FAILED tests/integration/cli/test_cli_medium_full_coverage.py::TestProjectInit::test_project_init_empty_name - assert 0 != 0
 +  where 0 = <Result okay>.exit_code
FAILED tests/integration/cli/test_cli_medium_full_coverage.py::TestProjectList::test_project_list_storage_error - assert 0 != 0
 +  where 0 = <Result okay>.exit_code
FAILED tests/integration/cli/test_cli_medium_full_coverage.py::TestProjectSwitch::test_project_switch_to_current - assert 1 == 0
 +  where 1 = <Result SystemExit(1)>.exit_code
FAILED tests/integration/cli/test_cli_medium_full_coverage.py::TestProjectSwitch::test_project_switch_preserves_settings - assert 1 == 0
 +  where 1 = <Result SystemExit(1)>.exit_code
FAILED tests/integration/cli/test_cli_medium_full_coverage.py::TestProjectSwitch::test_project_switch_empty_name - assert 0 != 0
 +  where 0 = <Result okay>.exit_code
FAILED tests/integration/cli/test_cli_medium_full_coverage.py::TestSyncBasicOperations::test_sync_status_basic - assert 1 == 0
 +  where 1 = <Result TraceRTMError("Failed to get sync status: '>' not supported between instances of 'MagicMock' and 'int'")>.exit_code
FAILED tests/integration/cli/test_cli_medium_full_coverage.py::TestSyncBasicOperations::test_sync_status_with_pending_changes - assert 1 == 0
 +  where 1 = <Result TraceRTMError("Failed to get sync status: '<' not supported between instances of 'MagicMock' and 'int'")>.exit_code
FAILED tests/integration/cli/test_cli_medium_full_coverage.py::TestSyncBasicOperations::test_sync_push_basic - assert 1 == 0
 +  where 1 = <Result TraceRTMError("Push failed: a coroutine was expected, got <MagicMock name='_get_sync_engine().process_queue()' id='4790764128'>")>.exit_code
FAILED tests/integration/cli/test_cli_medium_full_coverage.py::TestSyncBasicOperations::test_sync_push_nothing_to_push - assert 1 == 0
 +  where 1 = <Result TraceRTMError("Push failed: a coroutine was expected, got <MagicMock name='_get_sync_engine().process_queue()' id='4790771616'>")>.exit_code
FAILED tests/integration/cli/test_cli_medium_full_coverage.py::TestSyncBasicOperations::test_sync_pull_basic - assert 1 == 0
 +  where 1 = <Result TraceRTMError("Pull failed: a coroutine was expected, got <MagicMock name='_get_sync_engine().pull_changes()' id='4793161856'>")>.exit_code
FAILED tests/integration/cli/test_cli_medium_full_coverage.py::TestSyncBasicOperations::test_sync_pull_nothing_new - assert 1 == 0
 +  where 1 = <Result TraceRTMError("Pull failed: a coroutine was expected, got <MagicMock name='_get_sync_engine().pull_changes()' id='4789452384'>")>.exit_code
FAILED tests/integration/cli/test_cli_medium_full_coverage.py::TestSyncBasicOperations::test_sync_full_sync - assert 1 == 0
 +  where 1 = <Result TraceRTMError("Sync failed: a coroutine was expected, got <MagicMock name='_get_sync_engine().sync()' id='4791512496'>")>.exit_code
FAILED tests/integration/cli/test_cli_medium_full_coverage.py::TestSyncBasicOperations::test_sync_dry_run - assert 1 in [0, 2]
 +  where 1 = <Result TraceRTMError("Sync failed: a coroutine was expected, got <MagicMock name='_get_sync_engine().sync()' id='4794149696'>")>.exit_code
FAILED tests/integration/cli/test_cli_medium_full_coverage.py::TestSyncBasicOperations::test_sync_shows_progress - assert 1 == 0
 +  where 1 = <Result TraceRTMError("Push failed: a coroutine was expected, got <MagicMock name='_get_sync_engine().process_queue()' id='4789448304'>")>.exit_code
FAILED tests/integration/cli/test_cli_medium_full_coverage.py::TestSyncBasicOperations::test_sync_reports_summary - assert 1 == 0
 +  where 1 = <Result TraceRTMError("Push failed: a coroutine was expected, got <MagicMock name='_get_sync_engine().process_queue()' id='4793223552'>")>.exit_code
FAILED tests/integration/cli/test_cli_medium_full_coverage.py::TestSyncBasicOperations::test_sync_force_overwrite - assert 1 in [0, 2]
 +  where 1 = <Result TraceRTMError("Push failed: a coroutine was expected, got <MagicMock name='_get_sync_engine().process_queue()' id='4793745040'>")>.exit_code
FAILED tests/integration/cli/test_cli_medium_full_coverage.py::TestInitTraceStructure::test_trace_relative_path - FileNotFoundError: [Errno 2] No such file or directory: '/private/var/folders/wl/z8733y815nzg28yy0_1_lh7w0000gn/T/pytest-of-kooshapari/pytest-146/test_trace_relative_path0/subdir/.trace'
FAILED tests/integration/cli/test_cli_medium_full_coverage.py::TestTestCommand::test_test_run_all - assert 2 == 0
 +  where 2 = <Result SystemExit(2)>.exit_code
======================= 24 failed, 276 passed in 28.50s ========================
